2021-01-06 21:25:39.809 [main] WARN  org.mybatis.spring.mapper.ClassPathMapperScanner - Skipping MapperFactoryBean with name 'chapterMapper' and 'com.jc.edu.mapper.ChapterMapper' mapperInterface. Bean already defined with the same name!
2021-01-06 21:25:39.812 [main] WARN  org.mybatis.spring.mapper.ClassPathMapperScanner - Skipping MapperFactoryBean with name 'courseDescriptionMapper' and 'com.jc.edu.mapper.CourseDescriptionMapper' mapperInterface. Bean already defined with the same name!
2021-01-06 21:25:39.813 [main] WARN  org.mybatis.spring.mapper.ClassPathMapperScanner - Skipping MapperFactoryBean with name 'courseMapper' and 'com.jc.edu.mapper.CourseMapper' mapperInterface. Bean already defined with the same name!
2021-01-06 21:25:39.814 [main] WARN  org.mybatis.spring.mapper.ClassPathMapperScanner - Skipping MapperFactoryBean with name 'likeCourseMapper' and 'com.jc.edu.mapper.LikeCourseMapper' mapperInterface. Bean already defined with the same name!
2021-01-06 21:25:39.815 [main] WARN  org.mybatis.spring.mapper.ClassPathMapperScanner - Skipping MapperFactoryBean with name 'subjectMapper' and 'com.jc.edu.mapper.SubjectMapper' mapperInterface. Bean already defined with the same name!
2021-01-06 21:25:39.816 [main] WARN  org.mybatis.spring.mapper.ClassPathMapperScanner - Skipping MapperFactoryBean with name 'teacherMapper' and 'com.jc.edu.mapper.TeacherMapper' mapperInterface. Bean already defined with the same name!
2021-01-06 21:25:39.816 [main] WARN  org.mybatis.spring.mapper.ClassPathMapperScanner - Skipping MapperFactoryBean with name 'videoMapper' and 'com.jc.edu.mapper.VideoMapper' mapperInterface. Bean already defined with the same name!
2021-01-06 21:25:39.817 [main] WARN  org.mybatis.spring.mapper.ClassPathMapperScanner - No MyBatis mapper was found in '[com.jc.edu.mapper]' package. Please check your configuration.
2021-01-06 21:25:43.494 [main] WARN  com.netflix.config.sources.URLConfigurationSource - No URLs will be polled as dynamic configuration sources.
2021-01-06 21:25:43.498 [main] WARN  com.netflix.config.sources.URLConfigurationSource - No URLs will be polled as dynamic configuration sources.
2021-01-06 21:29:00.123 [main] WARN  org.mybatis.spring.mapper.ClassPathMapperScanner - Skipping MapperFactoryBean with name 'chapterMapper' and 'com.jc.edu.mapper.ChapterMapper' mapperInterface. Bean already defined with the same name!
2021-01-06 21:29:00.123 [main] WARN  org.mybatis.spring.mapper.ClassPathMapperScanner - Skipping MapperFactoryBean with name 'courseDescriptionMapper' and 'com.jc.edu.mapper.CourseDescriptionMapper' mapperInterface. Bean already defined with the same name!
2021-01-06 21:29:00.124 [main] WARN  org.mybatis.spring.mapper.ClassPathMapperScanner - Skipping MapperFactoryBean with name 'courseMapper' and 'com.jc.edu.mapper.CourseMapper' mapperInterface. Bean already defined with the same name!
2021-01-06 21:29:00.124 [main] WARN  org.mybatis.spring.mapper.ClassPathMapperScanner - Skipping MapperFactoryBean with name 'likeCourseMapper' and 'com.jc.edu.mapper.LikeCourseMapper' mapperInterface. Bean already defined with the same name!
2021-01-06 21:29:00.124 [main] WARN  org.mybatis.spring.mapper.ClassPathMapperScanner - Skipping MapperFactoryBean with name 'subjectMapper' and 'com.jc.edu.mapper.SubjectMapper' mapperInterface. Bean already defined with the same name!
2021-01-06 21:29:00.124 [main] WARN  org.mybatis.spring.mapper.ClassPathMapperScanner - Skipping MapperFactoryBean with name 'teacherMapper' and 'com.jc.edu.mapper.TeacherMapper' mapperInterface. Bean already defined with the same name!
2021-01-06 21:29:00.124 [main] WARN  org.mybatis.spring.mapper.ClassPathMapperScanner - Skipping MapperFactoryBean with name 'videoMapper' and 'com.jc.edu.mapper.VideoMapper' mapperInterface. Bean already defined with the same name!
2021-01-06 21:29:00.125 [main] WARN  org.mybatis.spring.mapper.ClassPathMapperScanner - No MyBatis mapper was found in '[com.jc.edu.mapper]' package. Please check your configuration.
2021-01-06 21:29:03.743 [main] WARN  com.netflix.config.sources.URLConfigurationSource - No URLs will be polled as dynamic configuration sources.
2021-01-06 21:29:03.747 [main] WARN  com.netflix.config.sources.URLConfigurationSource - No URLs will be polled as dynamic configuration sources.
2021-01-06 21:30:34.435 [main] WARN  org.mybatis.spring.mapper.ClassPathMapperScanner - Skipping MapperFactoryBean with name 'chapterMapper' and 'com.jc.edu.mapper.ChapterMapper' mapperInterface. Bean already defined with the same name!
2021-01-06 21:30:34.435 [main] WARN  org.mybatis.spring.mapper.ClassPathMapperScanner - Skipping MapperFactoryBean with name 'courseDescriptionMapper' and 'com.jc.edu.mapper.CourseDescriptionMapper' mapperInterface. Bean already defined with the same name!
2021-01-06 21:30:34.435 [main] WARN  org.mybatis.spring.mapper.ClassPathMapperScanner - Skipping MapperFactoryBean with name 'courseMapper' and 'com.jc.edu.mapper.CourseMapper' mapperInterface. Bean already defined with the same name!
2021-01-06 21:30:34.435 [main] WARN  org.mybatis.spring.mapper.ClassPathMapperScanner - Skipping MapperFactoryBean with name 'likeCourseMapper' and 'com.jc.edu.mapper.LikeCourseMapper' mapperInterface. Bean already defined with the same name!
2021-01-06 21:30:34.435 [main] WARN  org.mybatis.spring.mapper.ClassPathMapperScanner - Skipping MapperFactoryBean with name 'subjectMapper' and 'com.jc.edu.mapper.SubjectMapper' mapperInterface. Bean already defined with the same name!
2021-01-06 21:30:34.436 [main] WARN  org.mybatis.spring.mapper.ClassPathMapperScanner - Skipping MapperFactoryBean with name 'teacherMapper' and 'com.jc.edu.mapper.TeacherMapper' mapperInterface. Bean already defined with the same name!
2021-01-06 21:30:34.436 [main] WARN  org.mybatis.spring.mapper.ClassPathMapperScanner - Skipping MapperFactoryBean with name 'videoMapper' and 'com.jc.edu.mapper.VideoMapper' mapperInterface. Bean already defined with the same name!
2021-01-06 21:30:34.436 [main] WARN  org.mybatis.spring.mapper.ClassPathMapperScanner - No MyBatis mapper was found in '[com.jc.edu.mapper]' package. Please check your configuration.
2021-01-06 21:30:37.835 [main] WARN  com.netflix.config.sources.URLConfigurationSource - No URLs will be polled as dynamic configuration sources.
2021-01-06 21:30:37.842 [main] WARN  com.netflix.config.sources.URLConfigurationSource - No URLs will be polled as dynamic configuration sources.
2021-01-06 21:31:52.096 [main] WARN  org.mybatis.spring.mapper.ClassPathMapperScanner - Skipping MapperFactoryBean with name 'chapterMapper' and 'com.jc.edu.mapper.ChapterMapper' mapperInterface. Bean already defined with the same name!
2021-01-06 21:31:52.096 [main] WARN  org.mybatis.spring.mapper.ClassPathMapperScanner - Skipping MapperFactoryBean with name 'courseDescriptionMapper' and 'com.jc.edu.mapper.CourseDescriptionMapper' mapperInterface. Bean already defined with the same name!
2021-01-06 21:31:52.096 [main] WARN  org.mybatis.spring.mapper.ClassPathMapperScanner - Skipping MapperFactoryBean with name 'courseMapper' and 'com.jc.edu.mapper.CourseMapper' mapperInterface. Bean already defined with the same name!
2021-01-06 21:31:52.096 [main] WARN  org.mybatis.spring.mapper.ClassPathMapperScanner - Skipping MapperFactoryBean with name 'likeCourseMapper' and 'com.jc.edu.mapper.LikeCourseMapper' mapperInterface. Bean already defined with the same name!
2021-01-06 21:31:52.097 [main] WARN  org.mybatis.spring.mapper.ClassPathMapperScanner - Skipping MapperFactoryBean with name 'subjectMapper' and 'com.jc.edu.mapper.SubjectMapper' mapperInterface. Bean already defined with the same name!
2021-01-06 21:31:52.097 [main] WARN  org.mybatis.spring.mapper.ClassPathMapperScanner - Skipping MapperFactoryBean with name 'teacherMapper' and 'com.jc.edu.mapper.TeacherMapper' mapperInterface. Bean already defined with the same name!
2021-01-06 21:31:52.097 [main] WARN  org.mybatis.spring.mapper.ClassPathMapperScanner - Skipping MapperFactoryBean with name 'videoMapper' and 'com.jc.edu.mapper.VideoMapper' mapperInterface. Bean already defined with the same name!
2021-01-06 21:31:52.097 [main] WARN  org.mybatis.spring.mapper.ClassPathMapperScanner - No MyBatis mapper was found in '[com.jc.edu.mapper]' package. Please check your configuration.
2021-01-06 21:31:54.793 [main] WARN  com.netflix.config.sources.URLConfigurationSource - No URLs will be polled as dynamic configuration sources.
2021-01-06 21:31:54.797 [main] WARN  com.netflix.config.sources.URLConfigurationSource - No URLs will be polled as dynamic configuration sources.
2021-01-06 21:33:16.675 [main] WARN  org.mybatis.spring.mapper.ClassPathMapperScanner - Skipping MapperFactoryBean with name 'chapterMapper' and 'com.jc.edu.mapper.ChapterMapper' mapperInterface. Bean already defined with the same name!
2021-01-06 21:33:16.675 [main] WARN  org.mybatis.spring.mapper.ClassPathMapperScanner - Skipping MapperFactoryBean with name 'courseDescriptionMapper' and 'com.jc.edu.mapper.CourseDescriptionMapper' mapperInterface. Bean already defined with the same name!
2021-01-06 21:33:16.675 [main] WARN  org.mybatis.spring.mapper.ClassPathMapperScanner - Skipping MapperFactoryBean with name 'courseMapper' and 'com.jc.edu.mapper.CourseMapper' mapperInterface. Bean already defined with the same name!
2021-01-06 21:33:16.676 [main] WARN  org.mybatis.spring.mapper.ClassPathMapperScanner - Skipping MapperFactoryBean with name 'likeCourseMapper' and 'com.jc.edu.mapper.LikeCourseMapper' mapperInterface. Bean already defined with the same name!
2021-01-06 21:33:16.676 [main] WARN  org.mybatis.spring.mapper.ClassPathMapperScanner - Skipping MapperFactoryBean with name 'subjectMapper' and 'com.jc.edu.mapper.SubjectMapper' mapperInterface. Bean already defined with the same name!
2021-01-06 21:33:16.676 [main] WARN  org.mybatis.spring.mapper.ClassPathMapperScanner - Skipping MapperFactoryBean with name 'teacherMapper' and 'com.jc.edu.mapper.TeacherMapper' mapperInterface. Bean already defined with the same name!
2021-01-06 21:33:16.676 [main] WARN  org.mybatis.spring.mapper.ClassPathMapperScanner - Skipping MapperFactoryBean with name 'videoMapper' and 'com.jc.edu.mapper.VideoMapper' mapperInterface. Bean already defined with the same name!
2021-01-06 21:33:16.676 [main] WARN  org.mybatis.spring.mapper.ClassPathMapperScanner - No MyBatis mapper was found in '[com.jc.edu.mapper]' package. Please check your configuration.
2021-01-06 21:33:20.470 [main] WARN  com.netflix.config.sources.URLConfigurationSource - No URLs will be polled as dynamic configuration sources.
2021-01-06 21:33:20.478 [main] WARN  com.netflix.config.sources.URLConfigurationSource - No URLs will be polled as dynamic configuration sources.
2021-01-06 21:34:51.318 [main] WARN  org.mybatis.spring.mapper.ClassPathMapperScanner - Skipping MapperFactoryBean with name 'chapterMapper' and 'com.jc.edu.mapper.ChapterMapper' mapperInterface. Bean already defined with the same name!
2021-01-06 21:34:51.319 [main] WARN  org.mybatis.spring.mapper.ClassPathMapperScanner - Skipping MapperFactoryBean with name 'courseDescriptionMapper' and 'com.jc.edu.mapper.CourseDescriptionMapper' mapperInterface. Bean already defined with the same name!
2021-01-06 21:34:51.319 [main] WARN  org.mybatis.spring.mapper.ClassPathMapperScanner - Skipping MapperFactoryBean with name 'courseMapper' and 'com.jc.edu.mapper.CourseMapper' mapperInterface. Bean already defined with the same name!
2021-01-06 21:34:51.319 [main] WARN  org.mybatis.spring.mapper.ClassPathMapperScanner - Skipping MapperFactoryBean with name 'likeCourseMapper' and 'com.jc.edu.mapper.LikeCourseMapper' mapperInterface. Bean already defined with the same name!
2021-01-06 21:34:51.319 [main] WARN  org.mybatis.spring.mapper.ClassPathMapperScanner - Skipping MapperFactoryBean with name 'subjectMapper' and 'com.jc.edu.mapper.SubjectMapper' mapperInterface. Bean already defined with the same name!
2021-01-06 21:34:51.319 [main] WARN  org.mybatis.spring.mapper.ClassPathMapperScanner - Skipping MapperFactoryBean with name 'teacherMapper' and 'com.jc.edu.mapper.TeacherMapper' mapperInterface. Bean already defined with the same name!
2021-01-06 21:34:51.319 [main] WARN  org.mybatis.spring.mapper.ClassPathMapperScanner - Skipping MapperFactoryBean with name 'videoMapper' and 'com.jc.edu.mapper.VideoMapper' mapperInterface. Bean already defined with the same name!
2021-01-06 21:34:51.320 [main] WARN  org.mybatis.spring.mapper.ClassPathMapperScanner - No MyBatis mapper was found in '[com.jc.edu.mapper]' package. Please check your configuration.
2021-01-06 21:34:54.816 [main] WARN  com.netflix.config.sources.URLConfigurationSource - No URLs will be polled as dynamic configuration sources.
2021-01-06 21:34:54.821 [main] WARN  com.netflix.config.sources.URLConfigurationSource - No URLs will be polled as dynamic configuration sources.
2021-01-06 21:48:56.046 [main] WARN  org.mybatis.spring.mapper.ClassPathMapperScanner - Skipping MapperFactoryBean with name 'chapterMapper' and 'com.jc.edu.mapper.ChapterMapper' mapperInterface. Bean already defined with the same name!
2021-01-06 21:48:56.047 [main] WARN  org.mybatis.spring.mapper.ClassPathMapperScanner - Skipping MapperFactoryBean with name 'courseDescriptionMapper' and 'com.jc.edu.mapper.CourseDescriptionMapper' mapperInterface. Bean already defined with the same name!
2021-01-06 21:48:56.047 [main] WARN  org.mybatis.spring.mapper.ClassPathMapperScanner - Skipping MapperFactoryBean with name 'courseMapper' and 'com.jc.edu.mapper.CourseMapper' mapperInterface. Bean already defined with the same name!
2021-01-06 21:48:56.047 [main] WARN  org.mybatis.spring.mapper.ClassPathMapperScanner - Skipping MapperFactoryBean with name 'likeCourseMapper' and 'com.jc.edu.mapper.LikeCourseMapper' mapperInterface. Bean already defined with the same name!
2021-01-06 21:48:56.048 [main] WARN  org.mybatis.spring.mapper.ClassPathMapperScanner - Skipping MapperFactoryBean with name 'subjectMapper' and 'com.jc.edu.mapper.SubjectMapper' mapperInterface. Bean already defined with the same name!
2021-01-06 21:48:56.048 [main] WARN  org.mybatis.spring.mapper.ClassPathMapperScanner - Skipping MapperFactoryBean with name 'teacherMapper' and 'com.jc.edu.mapper.TeacherMapper' mapperInterface. Bean already defined with the same name!
2021-01-06 21:48:56.048 [main] WARN  org.mybatis.spring.mapper.ClassPathMapperScanner - Skipping MapperFactoryBean with name 'videoMapper' and 'com.jc.edu.mapper.VideoMapper' mapperInterface. Bean already defined with the same name!
2021-01-06 21:48:56.048 [main] WARN  org.mybatis.spring.mapper.ClassPathMapperScanner - No MyBatis mapper was found in '[com.jc.edu.mapper]' package. Please check your configuration.
2021-01-06 21:48:59.206 [main] WARN  com.netflix.config.sources.URLConfigurationSource - No URLs will be polled as dynamic configuration sources.
2021-01-06 21:48:59.211 [main] WARN  com.netflix.config.sources.URLConfigurationSource - No URLs will be polled as dynamic configuration sources.
2021-01-06 21:51:18.034 [HikariPool-1 housekeeper] WARN  com.zaxxer.hikari.pool.HikariPool - HikariPool-1 - Thread starvation or clock leap detected (housekeeper delta=1m49s911ms).
2021-01-06 22:08:52.337 [main] WARN  org.mybatis.spring.mapper.ClassPathMapperScanner - Skipping MapperFactoryBean with name 'chapterMapper' and 'com.jc.edu.mapper.ChapterMapper' mapperInterface. Bean already defined with the same name!
2021-01-06 22:08:52.339 [main] WARN  org.mybatis.spring.mapper.ClassPathMapperScanner - Skipping MapperFactoryBean with name 'courseDescriptionMapper' and 'com.jc.edu.mapper.CourseDescriptionMapper' mapperInterface. Bean already defined with the same name!
2021-01-06 22:08:52.339 [main] WARN  org.mybatis.spring.mapper.ClassPathMapperScanner - Skipping MapperFactoryBean with name 'courseMapper' and 'com.jc.edu.mapper.CourseMapper' mapperInterface. Bean already defined with the same name!
2021-01-06 22:08:52.339 [main] WARN  org.mybatis.spring.mapper.ClassPathMapperScanner - Skipping MapperFactoryBean with name 'likeCourseMapper' and 'com.jc.edu.mapper.LikeCourseMapper' mapperInterface. Bean already defined with the same name!
2021-01-06 22:08:52.339 [main] WARN  org.mybatis.spring.mapper.ClassPathMapperScanner - Skipping MapperFactoryBean with name 'subjectMapper' and 'com.jc.edu.mapper.SubjectMapper' mapperInterface. Bean already defined with the same name!
2021-01-06 22:08:52.339 [main] WARN  org.mybatis.spring.mapper.ClassPathMapperScanner - Skipping MapperFactoryBean with name 'teacherMapper' and 'com.jc.edu.mapper.TeacherMapper' mapperInterface. Bean already defined with the same name!
2021-01-06 22:08:52.339 [main] WARN  org.mybatis.spring.mapper.ClassPathMapperScanner - Skipping MapperFactoryBean with name 'videoMapper' and 'com.jc.edu.mapper.VideoMapper' mapperInterface. Bean already defined with the same name!
2021-01-06 22:08:52.340 [main] WARN  org.mybatis.spring.mapper.ClassPathMapperScanner - No MyBatis mapper was found in '[com.jc.edu.mapper]' package. Please check your configuration.
2021-01-06 22:08:55.352 [main] WARN  com.netflix.config.sources.URLConfigurationSource - No URLs will be polled as dynamic configuration sources.
2021-01-06 22:08:55.356 [main] WARN  com.netflix.config.sources.URLConfigurationSource - No URLs will be polled as dynamic configuration sources.
2021-01-06 22:10:16.717 [HikariPool-1 housekeeper] WARN  com.zaxxer.hikari.pool.HikariPool - HikariPool-1 - Thread starvation or clock leap detected (housekeeper delta=51s966ms).
2021-01-06 22:12:03.446 [main] WARN  org.mybatis.spring.mapper.ClassPathMapperScanner - Skipping MapperFactoryBean with name 'chapterMapper' and 'com.jc.edu.mapper.ChapterMapper' mapperInterface. Bean already defined with the same name!
2021-01-06 22:12:03.447 [main] WARN  org.mybatis.spring.mapper.ClassPathMapperScanner - Skipping MapperFactoryBean with name 'courseDescriptionMapper' and 'com.jc.edu.mapper.CourseDescriptionMapper' mapperInterface. Bean already defined with the same name!
2021-01-06 22:12:03.447 [main] WARN  org.mybatis.spring.mapper.ClassPathMapperScanner - Skipping MapperFactoryBean with name 'courseMapper' and 'com.jc.edu.mapper.CourseMapper' mapperInterface. Bean already defined with the same name!
2021-01-06 22:12:03.447 [main] WARN  org.mybatis.spring.mapper.ClassPathMapperScanner - Skipping MapperFactoryBean with name 'likeCourseMapper' and 'com.jc.edu.mapper.LikeCourseMapper' mapperInterface. Bean already defined with the same name!
2021-01-06 22:12:03.447 [main] WARN  org.mybatis.spring.mapper.ClassPathMapperScanner - Skipping MapperFactoryBean with name 'subjectMapper' and 'com.jc.edu.mapper.SubjectMapper' mapperInterface. Bean already defined with the same name!
2021-01-06 22:12:03.447 [main] WARN  org.mybatis.spring.mapper.ClassPathMapperScanner - Skipping MapperFactoryBean with name 'teacherMapper' and 'com.jc.edu.mapper.TeacherMapper' mapperInterface. Bean already defined with the same name!
2021-01-06 22:12:03.447 [main] WARN  org.mybatis.spring.mapper.ClassPathMapperScanner - Skipping MapperFactoryBean with name 'videoMapper' and 'com.jc.edu.mapper.VideoMapper' mapperInterface. Bean already defined with the same name!
2021-01-06 22:12:03.448 [main] WARN  org.mybatis.spring.mapper.ClassPathMapperScanner - No MyBatis mapper was found in '[com.jc.edu.mapper]' package. Please check your configuration.
2021-01-06 22:12:06.638 [main] WARN  com.netflix.config.sources.URLConfigurationSource - No URLs will be polled as dynamic configuration sources.
2021-01-06 22:12:06.642 [main] WARN  com.netflix.config.sources.URLConfigurationSource - No URLs will be polled as dynamic configuration sources.
2021-01-06 23:57:02.768 [HikariPool-1 housekeeper] WARN  com.zaxxer.hikari.pool.HikariPool - HikariPool-1 - Thread starvation or clock leap detected (housekeeper delta=32m56s235ms).
