2020-11-09 00:09:24.309 [main] WARN  org.mybatis.spring.mapper.ClassPathMapperScanner - Skipping MapperFactoryBean with name 'chapterMapper' and 'com.jc.edu.mapper.ChapterMapper' mapperInterface. Bean already defined with the same name!
2020-11-09 00:09:24.312 [main] WARN  org.mybatis.spring.mapper.ClassPathMapperScanner - Skipping MapperFactoryBean with name 'courseDescriptionMapper' and 'com.jc.edu.mapper.CourseDescriptionMapper' mapperInterface. Bean already defined with the same name!
2020-11-09 00:09:24.312 [main] WARN  org.mybatis.spring.mapper.ClassPathMapperScanner - Skipping MapperFactoryBean with name 'courseMapper' and 'com.jc.edu.mapper.CourseMapper' mapperInterface. Bean already defined with the same name!
2020-11-09 00:09:24.313 [main] WARN  org.mybatis.spring.mapper.ClassPathMapperScanner - Skipping MapperFactoryBean with name 'subjectMapper' and 'com.jc.edu.mapper.SubjectMapper' mapperInterface. Bean already defined with the same name!
2020-11-09 00:09:24.313 [main] WARN  org.mybatis.spring.mapper.ClassPathMapperScanner - Skipping MapperFactoryBean with name 'teacherMapper' and 'com.jc.edu.mapper.TeacherMapper' mapperInterface. Bean already defined with the same name!
2020-11-09 00:09:24.313 [main] WARN  org.mybatis.spring.mapper.ClassPathMapperScanner - Skipping MapperFactoryBean with name 'videoMapper' and 'com.jc.edu.mapper.VideoMapper' mapperInterface. Bean already defined with the same name!
2020-11-09 00:09:24.313 [main] WARN  org.mybatis.spring.mapper.ClassPathMapperScanner - No MyBatis mapper was found in '[com.jc.edu.mapper]' package. Please check your configuration.
2020-11-09 00:09:26.521 [main] WARN  com.netflix.config.sources.URLConfigurationSource - No URLs will be polled as dynamic configuration sources.
2020-11-09 00:09:26.525 [main] WARN  com.netflix.config.sources.URLConfigurationSource - No URLs will be polled as dynamic configuration sources.
2020-11-09 00:14:24.938 [main] WARN  org.mybatis.spring.mapper.ClassPathMapperScanner - Skipping MapperFactoryBean with name 'chapterMapper' and 'com.jc.edu.mapper.ChapterMapper' mapperInterface. Bean already defined with the same name!
2020-11-09 00:14:24.938 [main] WARN  org.mybatis.spring.mapper.ClassPathMapperScanner - Skipping MapperFactoryBean with name 'courseDescriptionMapper' and 'com.jc.edu.mapper.CourseDescriptionMapper' mapperInterface. Bean already defined with the same name!
2020-11-09 00:14:24.938 [main] WARN  org.mybatis.spring.mapper.ClassPathMapperScanner - Skipping MapperFactoryBean with name 'courseMapper' and 'com.jc.edu.mapper.CourseMapper' mapperInterface. Bean already defined with the same name!
2020-11-09 00:14:24.938 [main] WARN  org.mybatis.spring.mapper.ClassPathMapperScanner - Skipping MapperFactoryBean with name 'subjectMapper' and 'com.jc.edu.mapper.SubjectMapper' mapperInterface. Bean already defined with the same name!
2020-11-09 00:14:24.938 [main] WARN  org.mybatis.spring.mapper.ClassPathMapperScanner - Skipping MapperFactoryBean with name 'teacherMapper' and 'com.jc.edu.mapper.TeacherMapper' mapperInterface. Bean already defined with the same name!
2020-11-09 00:14:24.938 [main] WARN  org.mybatis.spring.mapper.ClassPathMapperScanner - Skipping MapperFactoryBean with name 'videoMapper' and 'com.jc.edu.mapper.VideoMapper' mapperInterface. Bean already defined with the same name!
2020-11-09 00:14:24.939 [main] WARN  org.mybatis.spring.mapper.ClassPathMapperScanner - No MyBatis mapper was found in '[com.jc.edu.mapper]' package. Please check your configuration.
2020-11-09 00:14:26.828 [main] WARN  com.netflix.config.sources.URLConfigurationSource - No URLs will be polled as dynamic configuration sources.
2020-11-09 00:14:26.831 [main] WARN  com.netflix.config.sources.URLConfigurationSource - No URLs will be polled as dynamic configuration sources.
2020-11-09 00:14:59.168 [main] WARN  org.mybatis.spring.mapper.ClassPathMapperScanner - Skipping MapperFactoryBean with name 'chapterMapper' and 'com.jc.edu.mapper.ChapterMapper' mapperInterface. Bean already defined with the same name!
2020-11-09 00:14:59.169 [main] WARN  org.mybatis.spring.mapper.ClassPathMapperScanner - Skipping MapperFactoryBean with name 'courseDescriptionMapper' and 'com.jc.edu.mapper.CourseDescriptionMapper' mapperInterface. Bean already defined with the same name!
2020-11-09 00:14:59.169 [main] WARN  org.mybatis.spring.mapper.ClassPathMapperScanner - Skipping MapperFactoryBean with name 'courseMapper' and 'com.jc.edu.mapper.CourseMapper' mapperInterface. Bean already defined with the same name!
2020-11-09 00:14:59.169 [main] WARN  org.mybatis.spring.mapper.ClassPathMapperScanner - Skipping MapperFactoryBean with name 'subjectMapper' and 'com.jc.edu.mapper.SubjectMapper' mapperInterface. Bean already defined with the same name!
2020-11-09 00:14:59.169 [main] WARN  org.mybatis.spring.mapper.ClassPathMapperScanner - Skipping MapperFactoryBean with name 'teacherMapper' and 'com.jc.edu.mapper.TeacherMapper' mapperInterface. Bean already defined with the same name!
2020-11-09 00:14:59.169 [main] WARN  org.mybatis.spring.mapper.ClassPathMapperScanner - Skipping MapperFactoryBean with name 'videoMapper' and 'com.jc.edu.mapper.VideoMapper' mapperInterface. Bean already defined with the same name!
2020-11-09 00:14:59.169 [main] WARN  org.mybatis.spring.mapper.ClassPathMapperScanner - No MyBatis mapper was found in '[com.jc.edu.mapper]' package. Please check your configuration.
2020-11-09 00:15:01.166 [main] WARN  com.netflix.config.sources.URLConfigurationSource - No URLs will be polled as dynamic configuration sources.
2020-11-09 00:15:01.169 [main] WARN  com.netflix.config.sources.URLConfigurationSource - No URLs will be polled as dynamic configuration sources.
2020-11-09 01:08:24.822 [main] WARN  org.mybatis.spring.mapper.ClassPathMapperScanner - Skipping MapperFactoryBean with name 'chapterMapper' and 'com.jc.edu.mapper.ChapterMapper' mapperInterface. Bean already defined with the same name!
2020-11-09 01:08:24.822 [main] WARN  org.mybatis.spring.mapper.ClassPathMapperScanner - Skipping MapperFactoryBean with name 'courseDescriptionMapper' and 'com.jc.edu.mapper.CourseDescriptionMapper' mapperInterface. Bean already defined with the same name!
2020-11-09 01:08:24.822 [main] WARN  org.mybatis.spring.mapper.ClassPathMapperScanner - Skipping MapperFactoryBean with name 'courseMapper' and 'com.jc.edu.mapper.CourseMapper' mapperInterface. Bean already defined with the same name!
2020-11-09 01:08:24.823 [main] WARN  org.mybatis.spring.mapper.ClassPathMapperScanner - Skipping MapperFactoryBean with name 'subjectMapper' and 'com.jc.edu.mapper.SubjectMapper' mapperInterface. Bean already defined with the same name!
2020-11-09 01:08:24.823 [main] WARN  org.mybatis.spring.mapper.ClassPathMapperScanner - Skipping MapperFactoryBean with name 'teacherMapper' and 'com.jc.edu.mapper.TeacherMapper' mapperInterface. Bean already defined with the same name!
2020-11-09 01:08:24.823 [main] WARN  org.mybatis.spring.mapper.ClassPathMapperScanner - Skipping MapperFactoryBean with name 'videoMapper' and 'com.jc.edu.mapper.VideoMapper' mapperInterface. Bean already defined with the same name!
2020-11-09 01:08:24.823 [main] WARN  org.mybatis.spring.mapper.ClassPathMapperScanner - No MyBatis mapper was found in '[com.jc.edu.mapper]' package. Please check your configuration.
2020-11-09 01:08:27.252 [main] WARN  com.netflix.config.sources.URLConfigurationSource - No URLs will be polled as dynamic configuration sources.
2020-11-09 01:08:27.257 [main] WARN  com.netflix.config.sources.URLConfigurationSource - No URLs will be polled as dynamic configuration sources.
