2020-11-11 11:09:36.699 [main] WARN  org.mybatis.spring.mapper.ClassPathMapperScanner - Skipping MapperFactoryBean with name 'chapterMapper' and 'com.jc.edu.mapper.ChapterMapper' mapperInterface. Bean already defined with the same name!
2020-11-11 11:09:36.700 [main] WARN  org.mybatis.spring.mapper.ClassPathMapperScanner - Skipping MapperFactoryBean with name 'courseDescriptionMapper' and 'com.jc.edu.mapper.CourseDescriptionMapper' mapperInterface. Bean already defined with the same name!
2020-11-11 11:09:36.700 [main] WARN  org.mybatis.spring.mapper.ClassPathMapperScanner - Skipping MapperFactoryBean with name 'courseMapper' and 'com.jc.edu.mapper.CourseMapper' mapperInterface. Bean already defined with the same name!
2020-11-11 11:09:36.700 [main] WARN  org.mybatis.spring.mapper.ClassPathMapperScanner - Skipping MapperFactoryBean with name 'subjectMapper' and 'com.jc.edu.mapper.SubjectMapper' mapperInterface. Bean already defined with the same name!
2020-11-11 11:09:36.700 [main] WARN  org.mybatis.spring.mapper.ClassPathMapperScanner - Skipping MapperFactoryBean with name 'teacherMapper' and 'com.jc.edu.mapper.TeacherMapper' mapperInterface. Bean already defined with the same name!
2020-11-11 11:09:36.700 [main] WARN  org.mybatis.spring.mapper.ClassPathMapperScanner - Skipping MapperFactoryBean with name 'videoMapper' and 'com.jc.edu.mapper.VideoMapper' mapperInterface. Bean already defined with the same name!
2020-11-11 11:09:36.700 [main] WARN  org.mybatis.spring.mapper.ClassPathMapperScanner - No MyBatis mapper was found in '[com.jc.edu.mapper]' package. Please check your configuration.
2020-11-11 11:09:39.290 [main] WARN  com.netflix.config.sources.URLConfigurationSource - No URLs will be polled as dynamic configuration sources.
2020-11-11 11:09:39.294 [main] WARN  com.netflix.config.sources.URLConfigurationSource - No URLs will be polled as dynamic configuration sources.
2020-11-11 13:21:10.935 [main] WARN  org.mybatis.spring.mapper.ClassPathMapperScanner - Skipping MapperFactoryBean with name 'chapterMapper' and 'com.jc.edu.mapper.ChapterMapper' mapperInterface. Bean already defined with the same name!
2020-11-11 13:21:10.935 [main] WARN  org.mybatis.spring.mapper.ClassPathMapperScanner - Skipping MapperFactoryBean with name 'courseDescriptionMapper' and 'com.jc.edu.mapper.CourseDescriptionMapper' mapperInterface. Bean already defined with the same name!
2020-11-11 13:21:10.935 [main] WARN  org.mybatis.spring.mapper.ClassPathMapperScanner - Skipping MapperFactoryBean with name 'courseMapper' and 'com.jc.edu.mapper.CourseMapper' mapperInterface. Bean already defined with the same name!
2020-11-11 13:21:10.936 [main] WARN  org.mybatis.spring.mapper.ClassPathMapperScanner - Skipping MapperFactoryBean with name 'subjectMapper' and 'com.jc.edu.mapper.SubjectMapper' mapperInterface. Bean already defined with the same name!
2020-11-11 13:21:10.936 [main] WARN  org.mybatis.spring.mapper.ClassPathMapperScanner - Skipping MapperFactoryBean with name 'teacherMapper' and 'com.jc.edu.mapper.TeacherMapper' mapperInterface. Bean already defined with the same name!
2020-11-11 13:21:10.936 [main] WARN  org.mybatis.spring.mapper.ClassPathMapperScanner - Skipping MapperFactoryBean with name 'videoMapper' and 'com.jc.edu.mapper.VideoMapper' mapperInterface. Bean already defined with the same name!
2020-11-11 13:21:10.936 [main] WARN  org.mybatis.spring.mapper.ClassPathMapperScanner - No MyBatis mapper was found in '[com.jc.edu.mapper]' package. Please check your configuration.
2020-11-11 13:21:13.133 [main] WARN  com.netflix.config.sources.URLConfigurationSource - No URLs will be polled as dynamic configuration sources.
2020-11-11 13:21:13.141 [main] WARN  com.netflix.config.sources.URLConfigurationSource - No URLs will be polled as dynamic configuration sources.
2020-11-11 13:39:52.968 [main] WARN  org.mybatis.spring.mapper.ClassPathMapperScanner - Skipping MapperFactoryBean with name 'chapterMapper' and 'com.jc.edu.mapper.ChapterMapper' mapperInterface. Bean already defined with the same name!
2020-11-11 13:39:52.968 [main] WARN  org.mybatis.spring.mapper.ClassPathMapperScanner - Skipping MapperFactoryBean with name 'courseDescriptionMapper' and 'com.jc.edu.mapper.CourseDescriptionMapper' mapperInterface. Bean already defined with the same name!
2020-11-11 13:39:52.969 [main] WARN  org.mybatis.spring.mapper.ClassPathMapperScanner - Skipping MapperFactoryBean with name 'courseMapper' and 'com.jc.edu.mapper.CourseMapper' mapperInterface. Bean already defined with the same name!
2020-11-11 13:39:52.969 [main] WARN  org.mybatis.spring.mapper.ClassPathMapperScanner - Skipping MapperFactoryBean with name 'subjectMapper' and 'com.jc.edu.mapper.SubjectMapper' mapperInterface. Bean already defined with the same name!
2020-11-11 13:39:52.969 [main] WARN  org.mybatis.spring.mapper.ClassPathMapperScanner - Skipping MapperFactoryBean with name 'teacherMapper' and 'com.jc.edu.mapper.TeacherMapper' mapperInterface. Bean already defined with the same name!
2020-11-11 13:39:52.969 [main] WARN  org.mybatis.spring.mapper.ClassPathMapperScanner - Skipping MapperFactoryBean with name 'videoMapper' and 'com.jc.edu.mapper.VideoMapper' mapperInterface. Bean already defined with the same name!
2020-11-11 13:39:52.969 [main] WARN  org.mybatis.spring.mapper.ClassPathMapperScanner - No MyBatis mapper was found in '[com.jc.edu.mapper]' package. Please check your configuration.
2020-11-11 13:39:56.067 [main] WARN  com.netflix.config.sources.URLConfigurationSource - No URLs will be polled as dynamic configuration sources.
2020-11-11 13:39:56.073 [main] WARN  com.netflix.config.sources.URLConfigurationSource - No URLs will be polled as dynamic configuration sources.
