2020-12-31 00:13:54.011 [main] WARN  org.mybatis.spring.mapper.ClassPathMapperScanner - Skipping MapperFactoryBean with name 'chapterMapper' and 'com.jc.edu.mapper.ChapterMapper' mapperInterface. Bean already defined with the same name!
2020-12-31 00:13:54.012 [main] WARN  org.mybatis.spring.mapper.ClassPathMapperScanner - Skipping MapperFactoryBean with name 'courseDescriptionMapper' and 'com.jc.edu.mapper.CourseDescriptionMapper' mapperInterface. Bean already defined with the same name!
2020-12-31 00:13:54.012 [main] WARN  org.mybatis.spring.mapper.ClassPathMapperScanner - Skipping MapperFactoryBean with name 'courseMapper' and 'com.jc.edu.mapper.CourseMapper' mapperInterface. Bean already defined with the same name!
2020-12-31 00:13:54.012 [main] WARN  org.mybatis.spring.mapper.ClassPathMapperScanner - Skipping MapperFactoryBean with name 'likeCourseMapper' and 'com.jc.edu.mapper.LikeCourseMapper' mapperInterface. Bean already defined with the same name!
2020-12-31 00:13:54.012 [main] WARN  org.mybatis.spring.mapper.ClassPathMapperScanner - Skipping MapperFactoryBean with name 'subjectMapper' and 'com.jc.edu.mapper.SubjectMapper' mapperInterface. Bean already defined with the same name!
2020-12-31 00:13:54.012 [main] WARN  org.mybatis.spring.mapper.ClassPathMapperScanner - Skipping MapperFactoryBean with name 'teacherMapper' and 'com.jc.edu.mapper.TeacherMapper' mapperInterface. Bean already defined with the same name!
2020-12-31 00:13:54.012 [main] WARN  org.mybatis.spring.mapper.ClassPathMapperScanner - Skipping MapperFactoryBean with name 'videoMapper' and 'com.jc.edu.mapper.VideoMapper' mapperInterface. Bean already defined with the same name!
2020-12-31 00:13:54.013 [main] WARN  org.mybatis.spring.mapper.ClassPathMapperScanner - No MyBatis mapper was found in '[com.jc.edu.mapper]' package. Please check your configuration.
2020-12-31 00:13:56.513 [main] WARN  com.netflix.config.sources.URLConfigurationSource - No URLs will be polled as dynamic configuration sources.
2020-12-31 00:13:56.517 [main] WARN  com.netflix.config.sources.URLConfigurationSource - No URLs will be polled as dynamic configuration sources.
2020-12-31 00:16:59.033 [main] WARN  org.mybatis.spring.mapper.ClassPathMapperScanner - Skipping MapperFactoryBean with name 'chapterMapper' and 'com.jc.edu.mapper.ChapterMapper' mapperInterface. Bean already defined with the same name!
2020-12-31 00:16:59.033 [main] WARN  org.mybatis.spring.mapper.ClassPathMapperScanner - Skipping MapperFactoryBean with name 'courseDescriptionMapper' and 'com.jc.edu.mapper.CourseDescriptionMapper' mapperInterface. Bean already defined with the same name!
2020-12-31 00:16:59.034 [main] WARN  org.mybatis.spring.mapper.ClassPathMapperScanner - Skipping MapperFactoryBean with name 'courseMapper' and 'com.jc.edu.mapper.CourseMapper' mapperInterface. Bean already defined with the same name!
2020-12-31 00:16:59.034 [main] WARN  org.mybatis.spring.mapper.ClassPathMapperScanner - Skipping MapperFactoryBean with name 'likeCourseMapper' and 'com.jc.edu.mapper.LikeCourseMapper' mapperInterface. Bean already defined with the same name!
2020-12-31 00:16:59.034 [main] WARN  org.mybatis.spring.mapper.ClassPathMapperScanner - Skipping MapperFactoryBean with name 'subjectMapper' and 'com.jc.edu.mapper.SubjectMapper' mapperInterface. Bean already defined with the same name!
2020-12-31 00:16:59.034 [main] WARN  org.mybatis.spring.mapper.ClassPathMapperScanner - Skipping MapperFactoryBean with name 'teacherMapper' and 'com.jc.edu.mapper.TeacherMapper' mapperInterface. Bean already defined with the same name!
2020-12-31 00:16:59.034 [main] WARN  org.mybatis.spring.mapper.ClassPathMapperScanner - Skipping MapperFactoryBean with name 'videoMapper' and 'com.jc.edu.mapper.VideoMapper' mapperInterface. Bean already defined with the same name!
2020-12-31 00:16:59.034 [main] WARN  org.mybatis.spring.mapper.ClassPathMapperScanner - No MyBatis mapper was found in '[com.jc.edu.mapper]' package. Please check your configuration.
2020-12-31 00:17:01.624 [main] WARN  com.netflix.config.sources.URLConfigurationSource - No URLs will be polled as dynamic configuration sources.
2020-12-31 00:17:01.629 [main] WARN  com.netflix.config.sources.URLConfigurationSource - No URLs will be polled as dynamic configuration sources.
2020-12-31 00:17:38.689 [main] WARN  org.mybatis.spring.mapper.ClassPathMapperScanner - Skipping MapperFactoryBean with name 'chapterMapper' and 'com.jc.edu.mapper.ChapterMapper' mapperInterface. Bean already defined with the same name!
2020-12-31 00:17:38.689 [main] WARN  org.mybatis.spring.mapper.ClassPathMapperScanner - Skipping MapperFactoryBean with name 'courseDescriptionMapper' and 'com.jc.edu.mapper.CourseDescriptionMapper' mapperInterface. Bean already defined with the same name!
2020-12-31 00:17:38.689 [main] WARN  org.mybatis.spring.mapper.ClassPathMapperScanner - Skipping MapperFactoryBean with name 'courseMapper' and 'com.jc.edu.mapper.CourseMapper' mapperInterface. Bean already defined with the same name!
2020-12-31 00:17:38.689 [main] WARN  org.mybatis.spring.mapper.ClassPathMapperScanner - Skipping MapperFactoryBean with name 'likeCourseMapper' and 'com.jc.edu.mapper.LikeCourseMapper' mapperInterface. Bean already defined with the same name!
2020-12-31 00:17:38.690 [main] WARN  org.mybatis.spring.mapper.ClassPathMapperScanner - Skipping MapperFactoryBean with name 'subjectMapper' and 'com.jc.edu.mapper.SubjectMapper' mapperInterface. Bean already defined with the same name!
2020-12-31 00:17:38.690 [main] WARN  org.mybatis.spring.mapper.ClassPathMapperScanner - Skipping MapperFactoryBean with name 'teacherMapper' and 'com.jc.edu.mapper.TeacherMapper' mapperInterface. Bean already defined with the same name!
2020-12-31 00:17:38.690 [main] WARN  org.mybatis.spring.mapper.ClassPathMapperScanner - Skipping MapperFactoryBean with name 'videoMapper' and 'com.jc.edu.mapper.VideoMapper' mapperInterface. Bean already defined with the same name!
2020-12-31 00:17:38.690 [main] WARN  org.mybatis.spring.mapper.ClassPathMapperScanner - No MyBatis mapper was found in '[com.jc.edu.mapper]' package. Please check your configuration.
2020-12-31 00:17:41.348 [main] WARN  com.netflix.config.sources.URLConfigurationSource - No URLs will be polled as dynamic configuration sources.
2020-12-31 00:17:41.352 [main] WARN  com.netflix.config.sources.URLConfigurationSource - No URLs will be polled as dynamic configuration sources.
2020-12-31 00:44:17.912 [main] WARN  org.mybatis.spring.mapper.ClassPathMapperScanner - Skipping MapperFactoryBean with name 'chapterMapper' and 'com.jc.edu.mapper.ChapterMapper' mapperInterface. Bean already defined with the same name!
2020-12-31 00:44:17.913 [main] WARN  org.mybatis.spring.mapper.ClassPathMapperScanner - Skipping MapperFactoryBean with name 'courseDescriptionMapper' and 'com.jc.edu.mapper.CourseDescriptionMapper' mapperInterface. Bean already defined with the same name!
2020-12-31 00:44:17.913 [main] WARN  org.mybatis.spring.mapper.ClassPathMapperScanner - Skipping MapperFactoryBean with name 'courseMapper' and 'com.jc.edu.mapper.CourseMapper' mapperInterface. Bean already defined with the same name!
2020-12-31 00:44:17.913 [main] WARN  org.mybatis.spring.mapper.ClassPathMapperScanner - Skipping MapperFactoryBean with name 'likeCourseMapper' and 'com.jc.edu.mapper.LikeCourseMapper' mapperInterface. Bean already defined with the same name!
2020-12-31 00:44:17.913 [main] WARN  org.mybatis.spring.mapper.ClassPathMapperScanner - Skipping MapperFactoryBean with name 'subjectMapper' and 'com.jc.edu.mapper.SubjectMapper' mapperInterface. Bean already defined with the same name!
2020-12-31 00:44:17.913 [main] WARN  org.mybatis.spring.mapper.ClassPathMapperScanner - Skipping MapperFactoryBean with name 'teacherMapper' and 'com.jc.edu.mapper.TeacherMapper' mapperInterface. Bean already defined with the same name!
2020-12-31 00:44:17.913 [main] WARN  org.mybatis.spring.mapper.ClassPathMapperScanner - Skipping MapperFactoryBean with name 'videoMapper' and 'com.jc.edu.mapper.VideoMapper' mapperInterface. Bean already defined with the same name!
2020-12-31 00:44:17.913 [main] WARN  org.mybatis.spring.mapper.ClassPathMapperScanner - No MyBatis mapper was found in '[com.jc.edu.mapper]' package. Please check your configuration.
2020-12-31 00:44:20.979 [main] WARN  com.netflix.config.sources.URLConfigurationSource - No URLs will be polled as dynamic configuration sources.
2020-12-31 00:44:20.983 [main] WARN  com.netflix.config.sources.URLConfigurationSource - No URLs will be polled as dynamic configuration sources.
2020-12-31 00:48:55.061 [main] WARN  org.mybatis.spring.mapper.ClassPathMapperScanner - Skipping MapperFactoryBean with name 'chapterMapper' and 'com.jc.edu.mapper.ChapterMapper' mapperInterface. Bean already defined with the same name!
2020-12-31 00:48:55.061 [main] WARN  org.mybatis.spring.mapper.ClassPathMapperScanner - Skipping MapperFactoryBean with name 'courseDescriptionMapper' and 'com.jc.edu.mapper.CourseDescriptionMapper' mapperInterface. Bean already defined with the same name!
2020-12-31 00:48:55.061 [main] WARN  org.mybatis.spring.mapper.ClassPathMapperScanner - Skipping MapperFactoryBean with name 'courseMapper' and 'com.jc.edu.mapper.CourseMapper' mapperInterface. Bean already defined with the same name!
2020-12-31 00:48:55.061 [main] WARN  org.mybatis.spring.mapper.ClassPathMapperScanner - Skipping MapperFactoryBean with name 'likeCourseMapper' and 'com.jc.edu.mapper.LikeCourseMapper' mapperInterface. Bean already defined with the same name!
2020-12-31 00:48:55.061 [main] WARN  org.mybatis.spring.mapper.ClassPathMapperScanner - Skipping MapperFactoryBean with name 'subjectMapper' and 'com.jc.edu.mapper.SubjectMapper' mapperInterface. Bean already defined with the same name!
2020-12-31 00:48:55.061 [main] WARN  org.mybatis.spring.mapper.ClassPathMapperScanner - Skipping MapperFactoryBean with name 'teacherMapper' and 'com.jc.edu.mapper.TeacherMapper' mapperInterface. Bean already defined with the same name!
2020-12-31 00:48:55.061 [main] WARN  org.mybatis.spring.mapper.ClassPathMapperScanner - Skipping MapperFactoryBean with name 'videoMapper' and 'com.jc.edu.mapper.VideoMapper' mapperInterface. Bean already defined with the same name!
2020-12-31 00:48:55.062 [main] WARN  org.mybatis.spring.mapper.ClassPathMapperScanner - No MyBatis mapper was found in '[com.jc.edu.mapper]' package. Please check your configuration.
2020-12-31 00:48:57.636 [main] WARN  com.netflix.config.sources.URLConfigurationSource - No URLs will be polled as dynamic configuration sources.
2020-12-31 00:48:57.640 [main] WARN  com.netflix.config.sources.URLConfigurationSource - No URLs will be polled as dynamic configuration sources.
2020-12-31 00:50:10.202 [main] WARN  org.mybatis.spring.mapper.ClassPathMapperScanner - Skipping MapperFactoryBean with name 'chapterMapper' and 'com.jc.edu.mapper.ChapterMapper' mapperInterface. Bean already defined with the same name!
2020-12-31 00:50:10.202 [main] WARN  org.mybatis.spring.mapper.ClassPathMapperScanner - Skipping MapperFactoryBean with name 'courseDescriptionMapper' and 'com.jc.edu.mapper.CourseDescriptionMapper' mapperInterface. Bean already defined with the same name!
2020-12-31 00:50:10.202 [main] WARN  org.mybatis.spring.mapper.ClassPathMapperScanner - Skipping MapperFactoryBean with name 'courseMapper' and 'com.jc.edu.mapper.CourseMapper' mapperInterface. Bean already defined with the same name!
2020-12-31 00:50:10.202 [main] WARN  org.mybatis.spring.mapper.ClassPathMapperScanner - Skipping MapperFactoryBean with name 'likeCourseMapper' and 'com.jc.edu.mapper.LikeCourseMapper' mapperInterface. Bean already defined with the same name!
2020-12-31 00:50:10.202 [main] WARN  org.mybatis.spring.mapper.ClassPathMapperScanner - Skipping MapperFactoryBean with name 'subjectMapper' and 'com.jc.edu.mapper.SubjectMapper' mapperInterface. Bean already defined with the same name!
2020-12-31 00:50:10.203 [main] WARN  org.mybatis.spring.mapper.ClassPathMapperScanner - Skipping MapperFactoryBean with name 'teacherMapper' and 'com.jc.edu.mapper.TeacherMapper' mapperInterface. Bean already defined with the same name!
2020-12-31 00:50:10.203 [main] WARN  org.mybatis.spring.mapper.ClassPathMapperScanner - Skipping MapperFactoryBean with name 'videoMapper' and 'com.jc.edu.mapper.VideoMapper' mapperInterface. Bean already defined with the same name!
2020-12-31 00:50:10.203 [main] WARN  org.mybatis.spring.mapper.ClassPathMapperScanner - No MyBatis mapper was found in '[com.jc.edu.mapper]' package. Please check your configuration.
2020-12-31 00:50:12.941 [main] WARN  com.netflix.config.sources.URLConfigurationSource - No URLs will be polled as dynamic configuration sources.
2020-12-31 00:50:12.945 [main] WARN  com.netflix.config.sources.URLConfigurationSource - No URLs will be polled as dynamic configuration sources.
2020-12-31 00:53:20.891 [main] WARN  org.mybatis.spring.mapper.ClassPathMapperScanner - Skipping MapperFactoryBean with name 'chapterMapper' and 'com.jc.edu.mapper.ChapterMapper' mapperInterface. Bean already defined with the same name!
2020-12-31 00:53:20.891 [main] WARN  org.mybatis.spring.mapper.ClassPathMapperScanner - Skipping MapperFactoryBean with name 'courseDescriptionMapper' and 'com.jc.edu.mapper.CourseDescriptionMapper' mapperInterface. Bean already defined with the same name!
2020-12-31 00:53:20.891 [main] WARN  org.mybatis.spring.mapper.ClassPathMapperScanner - Skipping MapperFactoryBean with name 'courseMapper' and 'com.jc.edu.mapper.CourseMapper' mapperInterface. Bean already defined with the same name!
2020-12-31 00:53:20.892 [main] WARN  org.mybatis.spring.mapper.ClassPathMapperScanner - Skipping MapperFactoryBean with name 'likeCourseMapper' and 'com.jc.edu.mapper.LikeCourseMapper' mapperInterface. Bean already defined with the same name!
2020-12-31 00:53:20.892 [main] WARN  org.mybatis.spring.mapper.ClassPathMapperScanner - Skipping MapperFactoryBean with name 'subjectMapper' and 'com.jc.edu.mapper.SubjectMapper' mapperInterface. Bean already defined with the same name!
2020-12-31 00:53:20.892 [main] WARN  org.mybatis.spring.mapper.ClassPathMapperScanner - Skipping MapperFactoryBean with name 'teacherMapper' and 'com.jc.edu.mapper.TeacherMapper' mapperInterface. Bean already defined with the same name!
2020-12-31 00:53:20.892 [main] WARN  org.mybatis.spring.mapper.ClassPathMapperScanner - Skipping MapperFactoryBean with name 'videoMapper' and 'com.jc.edu.mapper.VideoMapper' mapperInterface. Bean already defined with the same name!
2020-12-31 00:53:20.892 [main] WARN  org.mybatis.spring.mapper.ClassPathMapperScanner - No MyBatis mapper was found in '[com.jc.edu.mapper]' package. Please check your configuration.
2020-12-31 00:53:23.099 [main] WARN  com.netflix.config.sources.URLConfigurationSource - No URLs will be polled as dynamic configuration sources.
2020-12-31 00:53:23.102 [main] WARN  com.netflix.config.sources.URLConfigurationSource - No URLs will be polled as dynamic configuration sources.
2020-12-31 00:58:26.319 [main] WARN  org.mybatis.spring.mapper.ClassPathMapperScanner - Skipping MapperFactoryBean with name 'chapterMapper' and 'com.jc.edu.mapper.ChapterMapper' mapperInterface. Bean already defined with the same name!
2020-12-31 00:58:26.320 [main] WARN  org.mybatis.spring.mapper.ClassPathMapperScanner - Skipping MapperFactoryBean with name 'courseDescriptionMapper' and 'com.jc.edu.mapper.CourseDescriptionMapper' mapperInterface. Bean already defined with the same name!
2020-12-31 00:58:26.320 [main] WARN  org.mybatis.spring.mapper.ClassPathMapperScanner - Skipping MapperFactoryBean with name 'courseMapper' and 'com.jc.edu.mapper.CourseMapper' mapperInterface. Bean already defined with the same name!
2020-12-31 00:58:26.320 [main] WARN  org.mybatis.spring.mapper.ClassPathMapperScanner - Skipping MapperFactoryBean with name 'likeCourseMapper' and 'com.jc.edu.mapper.LikeCourseMapper' mapperInterface. Bean already defined with the same name!
2020-12-31 00:58:26.320 [main] WARN  org.mybatis.spring.mapper.ClassPathMapperScanner - Skipping MapperFactoryBean with name 'subjectMapper' and 'com.jc.edu.mapper.SubjectMapper' mapperInterface. Bean already defined with the same name!
2020-12-31 00:58:26.320 [main] WARN  org.mybatis.spring.mapper.ClassPathMapperScanner - Skipping MapperFactoryBean with name 'teacherMapper' and 'com.jc.edu.mapper.TeacherMapper' mapperInterface. Bean already defined with the same name!
2020-12-31 00:58:26.320 [main] WARN  org.mybatis.spring.mapper.ClassPathMapperScanner - Skipping MapperFactoryBean with name 'videoMapper' and 'com.jc.edu.mapper.VideoMapper' mapperInterface. Bean already defined with the same name!
2020-12-31 00:58:26.320 [main] WARN  org.mybatis.spring.mapper.ClassPathMapperScanner - No MyBatis mapper was found in '[com.jc.edu.mapper]' package. Please check your configuration.
2020-12-31 00:58:28.548 [main] WARN  com.netflix.config.sources.URLConfigurationSource - No URLs will be polled as dynamic configuration sources.
2020-12-31 00:58:28.552 [main] WARN  com.netflix.config.sources.URLConfigurationSource - No URLs will be polled as dynamic configuration sources.
2020-12-31 01:00:35.810 [main] WARN  org.mybatis.spring.mapper.ClassPathMapperScanner - Skipping MapperFactoryBean with name 'chapterMapper' and 'com.jc.edu.mapper.ChapterMapper' mapperInterface. Bean already defined with the same name!
2020-12-31 01:00:35.810 [main] WARN  org.mybatis.spring.mapper.ClassPathMapperScanner - Skipping MapperFactoryBean with name 'courseDescriptionMapper' and 'com.jc.edu.mapper.CourseDescriptionMapper' mapperInterface. Bean already defined with the same name!
2020-12-31 01:00:35.811 [main] WARN  org.mybatis.spring.mapper.ClassPathMapperScanner - Skipping MapperFactoryBean with name 'courseMapper' and 'com.jc.edu.mapper.CourseMapper' mapperInterface. Bean already defined with the same name!
2020-12-31 01:00:35.811 [main] WARN  org.mybatis.spring.mapper.ClassPathMapperScanner - Skipping MapperFactoryBean with name 'likeCourseMapper' and 'com.jc.edu.mapper.LikeCourseMapper' mapperInterface. Bean already defined with the same name!
2020-12-31 01:00:35.811 [main] WARN  org.mybatis.spring.mapper.ClassPathMapperScanner - Skipping MapperFactoryBean with name 'subjectMapper' and 'com.jc.edu.mapper.SubjectMapper' mapperInterface. Bean already defined with the same name!
2020-12-31 01:00:35.811 [main] WARN  org.mybatis.spring.mapper.ClassPathMapperScanner - Skipping MapperFactoryBean with name 'teacherMapper' and 'com.jc.edu.mapper.TeacherMapper' mapperInterface. Bean already defined with the same name!
2020-12-31 01:00:35.811 [main] WARN  org.mybatis.spring.mapper.ClassPathMapperScanner - Skipping MapperFactoryBean with name 'videoMapper' and 'com.jc.edu.mapper.VideoMapper' mapperInterface. Bean already defined with the same name!
2020-12-31 01:00:35.811 [main] WARN  org.mybatis.spring.mapper.ClassPathMapperScanner - No MyBatis mapper was found in '[com.jc.edu.mapper]' package. Please check your configuration.
2020-12-31 01:00:38.461 [main] WARN  com.netflix.config.sources.URLConfigurationSource - No URLs will be polled as dynamic configuration sources.
2020-12-31 01:00:38.465 [main] WARN  com.netflix.config.sources.URLConfigurationSource - No URLs will be polled as dynamic configuration sources.
2020-12-31 01:01:36.673 [main] WARN  org.mybatis.spring.mapper.ClassPathMapperScanner - Skipping MapperFactoryBean with name 'chapterMapper' and 'com.jc.edu.mapper.ChapterMapper' mapperInterface. Bean already defined with the same name!
2020-12-31 01:01:36.674 [main] WARN  org.mybatis.spring.mapper.ClassPathMapperScanner - Skipping MapperFactoryBean with name 'courseDescriptionMapper' and 'com.jc.edu.mapper.CourseDescriptionMapper' mapperInterface. Bean already defined with the same name!
2020-12-31 01:01:36.674 [main] WARN  org.mybatis.spring.mapper.ClassPathMapperScanner - Skipping MapperFactoryBean with name 'courseMapper' and 'com.jc.edu.mapper.CourseMapper' mapperInterface. Bean already defined with the same name!
2020-12-31 01:01:36.674 [main] WARN  org.mybatis.spring.mapper.ClassPathMapperScanner - Skipping MapperFactoryBean with name 'likeCourseMapper' and 'com.jc.edu.mapper.LikeCourseMapper' mapperInterface. Bean already defined with the same name!
2020-12-31 01:01:36.674 [main] WARN  org.mybatis.spring.mapper.ClassPathMapperScanner - Skipping MapperFactoryBean with name 'subjectMapper' and 'com.jc.edu.mapper.SubjectMapper' mapperInterface. Bean already defined with the same name!
2020-12-31 01:01:36.674 [main] WARN  org.mybatis.spring.mapper.ClassPathMapperScanner - Skipping MapperFactoryBean with name 'teacherMapper' and 'com.jc.edu.mapper.TeacherMapper' mapperInterface. Bean already defined with the same name!
2020-12-31 01:01:36.674 [main] WARN  org.mybatis.spring.mapper.ClassPathMapperScanner - Skipping MapperFactoryBean with name 'videoMapper' and 'com.jc.edu.mapper.VideoMapper' mapperInterface. Bean already defined with the same name!
2020-12-31 01:01:36.674 [main] WARN  org.mybatis.spring.mapper.ClassPathMapperScanner - No MyBatis mapper was found in '[com.jc.edu.mapper]' package. Please check your configuration.
2020-12-31 01:01:39.816 [main] WARN  com.netflix.config.sources.URLConfigurationSource - No URLs will be polled as dynamic configuration sources.
2020-12-31 01:01:39.820 [main] WARN  com.netflix.config.sources.URLConfigurationSource - No URLs will be polled as dynamic configuration sources.
2020-12-31 01:25:39.368 [lettuce-eventExecutorLoop-1-2] WARN  io.lettuce.core.protocol.ConnectionWatchdog - Cannot reconnect to [127.0.0.1:6379]: Connection refused: /127.0.0.1:6379
