2020-11-15 15:06:24.187 [main] WARN  org.mybatis.spring.mapper.ClassPathMapperScanner - Skipping MapperFactoryBean with name 'chapterMapper' and 'com.jc.edu.mapper.ChapterMapper' mapperInterface. Bean already defined with the same name!
2020-11-15 15:06:24.188 [main] WARN  org.mybatis.spring.mapper.ClassPathMapperScanner - Skipping MapperFactoryBean with name 'courseDescriptionMapper' and 'com.jc.edu.mapper.CourseDescriptionMapper' mapperInterface. Bean already defined with the same name!
2020-11-15 15:06:24.189 [main] WARN  org.mybatis.spring.mapper.ClassPathMapperScanner - Skipping MapperFactoryBean with name 'courseMapper' and 'com.jc.edu.mapper.CourseMapper' mapperInterface. Bean already defined with the same name!
2020-11-15 15:06:24.189 [main] WARN  org.mybatis.spring.mapper.ClassPathMapperScanner - Skipping MapperFactoryBean with name 'subjectMapper' and 'com.jc.edu.mapper.SubjectMapper' mapperInterface. Bean already defined with the same name!
2020-11-15 15:06:24.189 [main] WARN  org.mybatis.spring.mapper.ClassPathMapperScanner - Skipping MapperFactoryBean with name 'teacherMapper' and 'com.jc.edu.mapper.TeacherMapper' mapperInterface. Bean already defined with the same name!
2020-11-15 15:06:24.189 [main] WARN  org.mybatis.spring.mapper.ClassPathMapperScanner - Skipping MapperFactoryBean with name 'videoMapper' and 'com.jc.edu.mapper.VideoMapper' mapperInterface. Bean already defined with the same name!
2020-11-15 15:06:24.189 [main] WARN  org.mybatis.spring.mapper.ClassPathMapperScanner - No MyBatis mapper was found in '[com.jc.edu.mapper]' package. Please check your configuration.
2020-11-15 15:06:26.825 [main] WARN  com.netflix.config.sources.URLConfigurationSource - No URLs will be polled as dynamic configuration sources.
2020-11-15 15:06:26.832 [main] WARN  com.netflix.config.sources.URLConfigurationSource - No URLs will be polled as dynamic configuration sources.
2020-11-15 15:06:47.344 [main] WARN  org.mybatis.spring.mapper.ClassPathMapperScanner - Skipping MapperFactoryBean with name 'chapterMapper' and 'com.jc.edu.mapper.ChapterMapper' mapperInterface. Bean already defined with the same name!
2020-11-15 15:06:47.345 [main] WARN  org.mybatis.spring.mapper.ClassPathMapperScanner - Skipping MapperFactoryBean with name 'courseDescriptionMapper' and 'com.jc.edu.mapper.CourseDescriptionMapper' mapperInterface. Bean already defined with the same name!
2020-11-15 15:06:47.345 [main] WARN  org.mybatis.spring.mapper.ClassPathMapperScanner - Skipping MapperFactoryBean with name 'courseMapper' and 'com.jc.edu.mapper.CourseMapper' mapperInterface. Bean already defined with the same name!
2020-11-15 15:06:47.345 [main] WARN  org.mybatis.spring.mapper.ClassPathMapperScanner - Skipping MapperFactoryBean with name 'subjectMapper' and 'com.jc.edu.mapper.SubjectMapper' mapperInterface. Bean already defined with the same name!
2020-11-15 15:06:47.345 [main] WARN  org.mybatis.spring.mapper.ClassPathMapperScanner - Skipping MapperFactoryBean with name 'teacherMapper' and 'com.jc.edu.mapper.TeacherMapper' mapperInterface. Bean already defined with the same name!
2020-11-15 15:06:47.345 [main] WARN  org.mybatis.spring.mapper.ClassPathMapperScanner - Skipping MapperFactoryBean with name 'videoMapper' and 'com.jc.edu.mapper.VideoMapper' mapperInterface. Bean already defined with the same name!
2020-11-15 15:06:47.345 [main] WARN  org.mybatis.spring.mapper.ClassPathMapperScanner - No MyBatis mapper was found in '[com.jc.edu.mapper]' package. Please check your configuration.
2020-11-15 15:06:49.398 [main] WARN  com.netflix.config.sources.URLConfigurationSource - No URLs will be polled as dynamic configuration sources.
2020-11-15 15:06:49.401 [main] WARN  com.netflix.config.sources.URLConfigurationSource - No URLs will be polled as dynamic configuration sources.
2020-11-15 15:09:01.722 [main] WARN  org.mybatis.spring.mapper.ClassPathMapperScanner - Skipping MapperFactoryBean with name 'chapterMapper' and 'com.jc.edu.mapper.ChapterMapper' mapperInterface. Bean already defined with the same name!
2020-11-15 15:09:01.722 [main] WARN  org.mybatis.spring.mapper.ClassPathMapperScanner - Skipping MapperFactoryBean with name 'courseDescriptionMapper' and 'com.jc.edu.mapper.CourseDescriptionMapper' mapperInterface. Bean already defined with the same name!
2020-11-15 15:09:01.722 [main] WARN  org.mybatis.spring.mapper.ClassPathMapperScanner - Skipping MapperFactoryBean with name 'courseMapper' and 'com.jc.edu.mapper.CourseMapper' mapperInterface. Bean already defined with the same name!
2020-11-15 15:09:01.723 [main] WARN  org.mybatis.spring.mapper.ClassPathMapperScanner - Skipping MapperFactoryBean with name 'subjectMapper' and 'com.jc.edu.mapper.SubjectMapper' mapperInterface. Bean already defined with the same name!
2020-11-15 15:09:01.723 [main] WARN  org.mybatis.spring.mapper.ClassPathMapperScanner - Skipping MapperFactoryBean with name 'teacherMapper' and 'com.jc.edu.mapper.TeacherMapper' mapperInterface. Bean already defined with the same name!
2020-11-15 15:09:01.723 [main] WARN  org.mybatis.spring.mapper.ClassPathMapperScanner - Skipping MapperFactoryBean with name 'videoMapper' and 'com.jc.edu.mapper.VideoMapper' mapperInterface. Bean already defined with the same name!
2020-11-15 15:09:01.723 [main] WARN  org.mybatis.spring.mapper.ClassPathMapperScanner - No MyBatis mapper was found in '[com.jc.edu.mapper]' package. Please check your configuration.
2020-11-15 15:09:04.064 [main] WARN  com.netflix.config.sources.URLConfigurationSource - No URLs will be polled as dynamic configuration sources.
2020-11-15 15:09:04.068 [main] WARN  com.netflix.config.sources.URLConfigurationSource - No URLs will be polled as dynamic configuration sources.
2020-11-15 15:10:10.927 [main] WARN  org.mybatis.spring.mapper.ClassPathMapperScanner - Skipping MapperFactoryBean with name 'chapterMapper' and 'com.jc.edu.mapper.ChapterMapper' mapperInterface. Bean already defined with the same name!
2020-11-15 15:10:10.928 [main] WARN  org.mybatis.spring.mapper.ClassPathMapperScanner - Skipping MapperFactoryBean with name 'courseDescriptionMapper' and 'com.jc.edu.mapper.CourseDescriptionMapper' mapperInterface. Bean already defined with the same name!
2020-11-15 15:10:10.928 [main] WARN  org.mybatis.spring.mapper.ClassPathMapperScanner - Skipping MapperFactoryBean with name 'courseMapper' and 'com.jc.edu.mapper.CourseMapper' mapperInterface. Bean already defined with the same name!
2020-11-15 15:10:10.928 [main] WARN  org.mybatis.spring.mapper.ClassPathMapperScanner - Skipping MapperFactoryBean with name 'subjectMapper' and 'com.jc.edu.mapper.SubjectMapper' mapperInterface. Bean already defined with the same name!
2020-11-15 15:10:10.928 [main] WARN  org.mybatis.spring.mapper.ClassPathMapperScanner - Skipping MapperFactoryBean with name 'teacherMapper' and 'com.jc.edu.mapper.TeacherMapper' mapperInterface. Bean already defined with the same name!
2020-11-15 15:10:10.928 [main] WARN  org.mybatis.spring.mapper.ClassPathMapperScanner - Skipping MapperFactoryBean with name 'videoMapper' and 'com.jc.edu.mapper.VideoMapper' mapperInterface. Bean already defined with the same name!
2020-11-15 15:10:10.929 [main] WARN  org.mybatis.spring.mapper.ClassPathMapperScanner - No MyBatis mapper was found in '[com.jc.edu.mapper]' package. Please check your configuration.
2020-11-15 15:10:12.994 [main] WARN  com.netflix.config.sources.URLConfigurationSource - No URLs will be polled as dynamic configuration sources.
2020-11-15 15:10:12.999 [main] WARN  com.netflix.config.sources.URLConfigurationSource - No URLs will be polled as dynamic configuration sources.
2020-11-15 15:10:50.027 [main] WARN  org.mybatis.spring.mapper.ClassPathMapperScanner - Skipping MapperFactoryBean with name 'chapterMapper' and 'com.jc.edu.mapper.ChapterMapper' mapperInterface. Bean already defined with the same name!
2020-11-15 15:10:50.027 [main] WARN  org.mybatis.spring.mapper.ClassPathMapperScanner - Skipping MapperFactoryBean with name 'courseDescriptionMapper' and 'com.jc.edu.mapper.CourseDescriptionMapper' mapperInterface. Bean already defined with the same name!
2020-11-15 15:10:50.027 [main] WARN  org.mybatis.spring.mapper.ClassPathMapperScanner - Skipping MapperFactoryBean with name 'courseMapper' and 'com.jc.edu.mapper.CourseMapper' mapperInterface. Bean already defined with the same name!
2020-11-15 15:10:50.027 [main] WARN  org.mybatis.spring.mapper.ClassPathMapperScanner - Skipping MapperFactoryBean with name 'subjectMapper' and 'com.jc.edu.mapper.SubjectMapper' mapperInterface. Bean already defined with the same name!
2020-11-15 15:10:50.028 [main] WARN  org.mybatis.spring.mapper.ClassPathMapperScanner - Skipping MapperFactoryBean with name 'teacherMapper' and 'com.jc.edu.mapper.TeacherMapper' mapperInterface. Bean already defined with the same name!
2020-11-15 15:10:50.028 [main] WARN  org.mybatis.spring.mapper.ClassPathMapperScanner - Skipping MapperFactoryBean with name 'videoMapper' and 'com.jc.edu.mapper.VideoMapper' mapperInterface. Bean already defined with the same name!
2020-11-15 15:10:50.028 [main] WARN  org.mybatis.spring.mapper.ClassPathMapperScanner - No MyBatis mapper was found in '[com.jc.edu.mapper]' package. Please check your configuration.
2020-11-15 15:10:52.179 [main] WARN  com.netflix.config.sources.URLConfigurationSource - No URLs will be polled as dynamic configuration sources.
2020-11-15 15:10:52.182 [main] WARN  com.netflix.config.sources.URLConfigurationSource - No URLs will be polled as dynamic configuration sources.
2020-11-15 15:18:45.172 [main] WARN  org.mybatis.spring.mapper.ClassPathMapperScanner - Skipping MapperFactoryBean with name 'chapterMapper' and 'com.jc.edu.mapper.ChapterMapper' mapperInterface. Bean already defined with the same name!
2020-11-15 15:18:45.173 [main] WARN  org.mybatis.spring.mapper.ClassPathMapperScanner - Skipping MapperFactoryBean with name 'courseDescriptionMapper' and 'com.jc.edu.mapper.CourseDescriptionMapper' mapperInterface. Bean already defined with the same name!
2020-11-15 15:18:45.173 [main] WARN  org.mybatis.spring.mapper.ClassPathMapperScanner - Skipping MapperFactoryBean with name 'courseMapper' and 'com.jc.edu.mapper.CourseMapper' mapperInterface. Bean already defined with the same name!
2020-11-15 15:18:45.173 [main] WARN  org.mybatis.spring.mapper.ClassPathMapperScanner - Skipping MapperFactoryBean with name 'subjectMapper' and 'com.jc.edu.mapper.SubjectMapper' mapperInterface. Bean already defined with the same name!
2020-11-15 15:18:45.173 [main] WARN  org.mybatis.spring.mapper.ClassPathMapperScanner - Skipping MapperFactoryBean with name 'teacherMapper' and 'com.jc.edu.mapper.TeacherMapper' mapperInterface. Bean already defined with the same name!
2020-11-15 15:18:45.173 [main] WARN  org.mybatis.spring.mapper.ClassPathMapperScanner - Skipping MapperFactoryBean with name 'videoMapper' and 'com.jc.edu.mapper.VideoMapper' mapperInterface. Bean already defined with the same name!
2020-11-15 15:18:45.174 [main] WARN  org.mybatis.spring.mapper.ClassPathMapperScanner - No MyBatis mapper was found in '[com.jc.edu.mapper]' package. Please check your configuration.
2020-11-15 15:18:47.504 [main] WARN  com.netflix.config.sources.URLConfigurationSource - No URLs will be polled as dynamic configuration sources.
2020-11-15 15:18:47.508 [main] WARN  com.netflix.config.sources.URLConfigurationSource - No URLs will be polled as dynamic configuration sources.
2020-11-15 16:02:55.873 [main] WARN  org.mybatis.spring.mapper.ClassPathMapperScanner - Skipping MapperFactoryBean with name 'chapterMapper' and 'com.jc.edu.mapper.ChapterMapper' mapperInterface. Bean already defined with the same name!
2020-11-15 16:02:55.873 [main] WARN  org.mybatis.spring.mapper.ClassPathMapperScanner - Skipping MapperFactoryBean with name 'courseDescriptionMapper' and 'com.jc.edu.mapper.CourseDescriptionMapper' mapperInterface. Bean already defined with the same name!
2020-11-15 16:02:55.874 [main] WARN  org.mybatis.spring.mapper.ClassPathMapperScanner - Skipping MapperFactoryBean with name 'courseMapper' and 'com.jc.edu.mapper.CourseMapper' mapperInterface. Bean already defined with the same name!
2020-11-15 16:02:55.874 [main] WARN  org.mybatis.spring.mapper.ClassPathMapperScanner - Skipping MapperFactoryBean with name 'subjectMapper' and 'com.jc.edu.mapper.SubjectMapper' mapperInterface. Bean already defined with the same name!
2020-11-15 16:02:55.874 [main] WARN  org.mybatis.spring.mapper.ClassPathMapperScanner - Skipping MapperFactoryBean with name 'teacherMapper' and 'com.jc.edu.mapper.TeacherMapper' mapperInterface. Bean already defined with the same name!
2020-11-15 16:02:55.874 [main] WARN  org.mybatis.spring.mapper.ClassPathMapperScanner - Skipping MapperFactoryBean with name 'videoMapper' and 'com.jc.edu.mapper.VideoMapper' mapperInterface. Bean already defined with the same name!
2020-11-15 16:02:55.874 [main] WARN  org.mybatis.spring.mapper.ClassPathMapperScanner - No MyBatis mapper was found in '[com.jc.edu.mapper]' package. Please check your configuration.
2020-11-15 16:02:58.262 [main] WARN  com.netflix.config.sources.URLConfigurationSource - No URLs will be polled as dynamic configuration sources.
2020-11-15 16:02:58.268 [main] WARN  com.netflix.config.sources.URLConfigurationSource - No URLs will be polled as dynamic configuration sources.
2020-11-15 16:05:47.640 [main] WARN  org.mybatis.spring.mapper.ClassPathMapperScanner - Skipping MapperFactoryBean with name 'chapterMapper' and 'com.jc.edu.mapper.ChapterMapper' mapperInterface. Bean already defined with the same name!
2020-11-15 16:05:47.640 [main] WARN  org.mybatis.spring.mapper.ClassPathMapperScanner - Skipping MapperFactoryBean with name 'courseDescriptionMapper' and 'com.jc.edu.mapper.CourseDescriptionMapper' mapperInterface. Bean already defined with the same name!
2020-11-15 16:05:47.640 [main] WARN  org.mybatis.spring.mapper.ClassPathMapperScanner - Skipping MapperFactoryBean with name 'courseMapper' and 'com.jc.edu.mapper.CourseMapper' mapperInterface. Bean already defined with the same name!
2020-11-15 16:05:47.641 [main] WARN  org.mybatis.spring.mapper.ClassPathMapperScanner - Skipping MapperFactoryBean with name 'subjectMapper' and 'com.jc.edu.mapper.SubjectMapper' mapperInterface. Bean already defined with the same name!
2020-11-15 16:05:47.641 [main] WARN  org.mybatis.spring.mapper.ClassPathMapperScanner - Skipping MapperFactoryBean with name 'teacherMapper' and 'com.jc.edu.mapper.TeacherMapper' mapperInterface. Bean already defined with the same name!
2020-11-15 16:05:47.641 [main] WARN  org.mybatis.spring.mapper.ClassPathMapperScanner - Skipping MapperFactoryBean with name 'videoMapper' and 'com.jc.edu.mapper.VideoMapper' mapperInterface. Bean already defined with the same name!
2020-11-15 16:05:47.641 [main] WARN  org.mybatis.spring.mapper.ClassPathMapperScanner - No MyBatis mapper was found in '[com.jc.edu.mapper]' package. Please check your configuration.
2020-11-15 16:05:50.079 [main] WARN  com.netflix.config.sources.URLConfigurationSource - No URLs will be polled as dynamic configuration sources.
2020-11-15 16:05:50.084 [main] WARN  com.netflix.config.sources.URLConfigurationSource - No URLs will be polled as dynamic configuration sources.
2020-11-15 16:12:32.595 [main] WARN  org.mybatis.spring.mapper.ClassPathMapperScanner - Skipping MapperFactoryBean with name 'chapterMapper' and 'com.jc.edu.mapper.ChapterMapper' mapperInterface. Bean already defined with the same name!
2020-11-15 16:12:32.595 [main] WARN  org.mybatis.spring.mapper.ClassPathMapperScanner - Skipping MapperFactoryBean with name 'courseDescriptionMapper' and 'com.jc.edu.mapper.CourseDescriptionMapper' mapperInterface. Bean already defined with the same name!
2020-11-15 16:12:32.595 [main] WARN  org.mybatis.spring.mapper.ClassPathMapperScanner - Skipping MapperFactoryBean with name 'courseMapper' and 'com.jc.edu.mapper.CourseMapper' mapperInterface. Bean already defined with the same name!
2020-11-15 16:12:32.595 [main] WARN  org.mybatis.spring.mapper.ClassPathMapperScanner - Skipping MapperFactoryBean with name 'subjectMapper' and 'com.jc.edu.mapper.SubjectMapper' mapperInterface. Bean already defined with the same name!
2020-11-15 16:12:32.596 [main] WARN  org.mybatis.spring.mapper.ClassPathMapperScanner - Skipping MapperFactoryBean with name 'teacherMapper' and 'com.jc.edu.mapper.TeacherMapper' mapperInterface. Bean already defined with the same name!
2020-11-15 16:12:32.596 [main] WARN  org.mybatis.spring.mapper.ClassPathMapperScanner - Skipping MapperFactoryBean with name 'videoMapper' and 'com.jc.edu.mapper.VideoMapper' mapperInterface. Bean already defined with the same name!
2020-11-15 16:12:32.596 [main] WARN  org.mybatis.spring.mapper.ClassPathMapperScanner - No MyBatis mapper was found in '[com.jc.edu.mapper]' package. Please check your configuration.
2020-11-15 16:12:34.775 [main] WARN  com.netflix.config.sources.URLConfigurationSource - No URLs will be polled as dynamic configuration sources.
2020-11-15 16:12:34.778 [main] WARN  com.netflix.config.sources.URLConfigurationSource - No URLs will be polled as dynamic configuration sources.
2020-11-15 16:14:34.131 [main] WARN  org.mybatis.spring.mapper.ClassPathMapperScanner - Skipping MapperFactoryBean with name 'chapterMapper' and 'com.jc.edu.mapper.ChapterMapper' mapperInterface. Bean already defined with the same name!
2020-11-15 16:14:34.132 [main] WARN  org.mybatis.spring.mapper.ClassPathMapperScanner - Skipping MapperFactoryBean with name 'courseDescriptionMapper' and 'com.jc.edu.mapper.CourseDescriptionMapper' mapperInterface. Bean already defined with the same name!
2020-11-15 16:14:34.132 [main] WARN  org.mybatis.spring.mapper.ClassPathMapperScanner - Skipping MapperFactoryBean with name 'courseMapper' and 'com.jc.edu.mapper.CourseMapper' mapperInterface. Bean already defined with the same name!
2020-11-15 16:14:34.132 [main] WARN  org.mybatis.spring.mapper.ClassPathMapperScanner - Skipping MapperFactoryBean with name 'subjectMapper' and 'com.jc.edu.mapper.SubjectMapper' mapperInterface. Bean already defined with the same name!
2020-11-15 16:14:34.132 [main] WARN  org.mybatis.spring.mapper.ClassPathMapperScanner - Skipping MapperFactoryBean with name 'teacherMapper' and 'com.jc.edu.mapper.TeacherMapper' mapperInterface. Bean already defined with the same name!
2020-11-15 16:14:34.132 [main] WARN  org.mybatis.spring.mapper.ClassPathMapperScanner - Skipping MapperFactoryBean with name 'videoMapper' and 'com.jc.edu.mapper.VideoMapper' mapperInterface. Bean already defined with the same name!
2020-11-15 16:14:34.132 [main] WARN  org.mybatis.spring.mapper.ClassPathMapperScanner - No MyBatis mapper was found in '[com.jc.edu.mapper]' package. Please check your configuration.
2020-11-15 16:14:36.329 [main] WARN  com.netflix.config.sources.URLConfigurationSource - No URLs will be polled as dynamic configuration sources.
2020-11-15 16:14:36.332 [main] WARN  com.netflix.config.sources.URLConfigurationSource - No URLs will be polled as dynamic configuration sources.
2020-11-15 16:16:39.770 [main] WARN  org.mybatis.spring.mapper.ClassPathMapperScanner - Skipping MapperFactoryBean with name 'chapterMapper' and 'com.jc.edu.mapper.ChapterMapper' mapperInterface. Bean already defined with the same name!
2020-11-15 16:16:39.771 [main] WARN  org.mybatis.spring.mapper.ClassPathMapperScanner - Skipping MapperFactoryBean with name 'courseDescriptionMapper' and 'com.jc.edu.mapper.CourseDescriptionMapper' mapperInterface. Bean already defined with the same name!
2020-11-15 16:16:39.771 [main] WARN  org.mybatis.spring.mapper.ClassPathMapperScanner - Skipping MapperFactoryBean with name 'courseMapper' and 'com.jc.edu.mapper.CourseMapper' mapperInterface. Bean already defined with the same name!
2020-11-15 16:16:39.771 [main] WARN  org.mybatis.spring.mapper.ClassPathMapperScanner - Skipping MapperFactoryBean with name 'subjectMapper' and 'com.jc.edu.mapper.SubjectMapper' mapperInterface. Bean already defined with the same name!
2020-11-15 16:16:39.771 [main] WARN  org.mybatis.spring.mapper.ClassPathMapperScanner - Skipping MapperFactoryBean with name 'teacherMapper' and 'com.jc.edu.mapper.TeacherMapper' mapperInterface. Bean already defined with the same name!
2020-11-15 16:16:39.772 [main] WARN  org.mybatis.spring.mapper.ClassPathMapperScanner - Skipping MapperFactoryBean with name 'videoMapper' and 'com.jc.edu.mapper.VideoMapper' mapperInterface. Bean already defined with the same name!
2020-11-15 16:16:39.772 [main] WARN  org.mybatis.spring.mapper.ClassPathMapperScanner - No MyBatis mapper was found in '[com.jc.edu.mapper]' package. Please check your configuration.
2020-11-15 16:16:41.938 [main] WARN  com.netflix.config.sources.URLConfigurationSource - No URLs will be polled as dynamic configuration sources.
2020-11-15 16:16:41.943 [main] WARN  com.netflix.config.sources.URLConfigurationSource - No URLs will be polled as dynamic configuration sources.
2020-11-15 16:21:26.578 [main] WARN  org.mybatis.spring.mapper.ClassPathMapperScanner - Skipping MapperFactoryBean with name 'chapterMapper' and 'com.jc.edu.mapper.ChapterMapper' mapperInterface. Bean already defined with the same name!
2020-11-15 16:21:26.579 [main] WARN  org.mybatis.spring.mapper.ClassPathMapperScanner - Skipping MapperFactoryBean with name 'courseDescriptionMapper' and 'com.jc.edu.mapper.CourseDescriptionMapper' mapperInterface. Bean already defined with the same name!
2020-11-15 16:21:26.579 [main] WARN  org.mybatis.spring.mapper.ClassPathMapperScanner - Skipping MapperFactoryBean with name 'courseMapper' and 'com.jc.edu.mapper.CourseMapper' mapperInterface. Bean already defined with the same name!
2020-11-15 16:21:26.579 [main] WARN  org.mybatis.spring.mapper.ClassPathMapperScanner - Skipping MapperFactoryBean with name 'subjectMapper' and 'com.jc.edu.mapper.SubjectMapper' mapperInterface. Bean already defined with the same name!
2020-11-15 16:21:26.579 [main] WARN  org.mybatis.spring.mapper.ClassPathMapperScanner - Skipping MapperFactoryBean with name 'teacherMapper' and 'com.jc.edu.mapper.TeacherMapper' mapperInterface. Bean already defined with the same name!
2020-11-15 16:21:26.580 [main] WARN  org.mybatis.spring.mapper.ClassPathMapperScanner - Skipping MapperFactoryBean with name 'videoMapper' and 'com.jc.edu.mapper.VideoMapper' mapperInterface. Bean already defined with the same name!
2020-11-15 16:21:26.580 [main] WARN  org.mybatis.spring.mapper.ClassPathMapperScanner - No MyBatis mapper was found in '[com.jc.edu.mapper]' package. Please check your configuration.
2020-11-15 16:21:28.523 [main] WARN  com.netflix.config.sources.URLConfigurationSource - No URLs will be polled as dynamic configuration sources.
2020-11-15 16:21:28.527 [main] WARN  com.netflix.config.sources.URLConfigurationSource - No URLs will be polled as dynamic configuration sources.
2020-11-15 16:29:04.128 [main] WARN  org.mybatis.spring.mapper.ClassPathMapperScanner - Skipping MapperFactoryBean with name 'chapterMapper' and 'com.jc.edu.mapper.ChapterMapper' mapperInterface. Bean already defined with the same name!
2020-11-15 16:29:04.128 [main] WARN  org.mybatis.spring.mapper.ClassPathMapperScanner - Skipping MapperFactoryBean with name 'courseDescriptionMapper' and 'com.jc.edu.mapper.CourseDescriptionMapper' mapperInterface. Bean already defined with the same name!
2020-11-15 16:29:04.129 [main] WARN  org.mybatis.spring.mapper.ClassPathMapperScanner - Skipping MapperFactoryBean with name 'courseMapper' and 'com.jc.edu.mapper.CourseMapper' mapperInterface. Bean already defined with the same name!
2020-11-15 16:29:04.129 [main] WARN  org.mybatis.spring.mapper.ClassPathMapperScanner - Skipping MapperFactoryBean with name 'subjectMapper' and 'com.jc.edu.mapper.SubjectMapper' mapperInterface. Bean already defined with the same name!
2020-11-15 16:29:04.129 [main] WARN  org.mybatis.spring.mapper.ClassPathMapperScanner - Skipping MapperFactoryBean with name 'teacherMapper' and 'com.jc.edu.mapper.TeacherMapper' mapperInterface. Bean already defined with the same name!
2020-11-15 16:29:04.129 [main] WARN  org.mybatis.spring.mapper.ClassPathMapperScanner - Skipping MapperFactoryBean with name 'videoMapper' and 'com.jc.edu.mapper.VideoMapper' mapperInterface. Bean already defined with the same name!
2020-11-15 16:29:04.129 [main] WARN  org.mybatis.spring.mapper.ClassPathMapperScanner - No MyBatis mapper was found in '[com.jc.edu.mapper]' package. Please check your configuration.
2020-11-15 16:29:06.202 [main] WARN  com.netflix.config.sources.URLConfigurationSource - No URLs will be polled as dynamic configuration sources.
2020-11-15 16:29:06.207 [main] WARN  com.netflix.config.sources.URLConfigurationSource - No URLs will be polled as dynamic configuration sources.
2020-11-15 16:34:00.294 [main] WARN  org.mybatis.spring.mapper.ClassPathMapperScanner - Skipping MapperFactoryBean with name 'chapterMapper' and 'com.jc.edu.mapper.ChapterMapper' mapperInterface. Bean already defined with the same name!
2020-11-15 16:34:00.295 [main] WARN  org.mybatis.spring.mapper.ClassPathMapperScanner - Skipping MapperFactoryBean with name 'courseDescriptionMapper' and 'com.jc.edu.mapper.CourseDescriptionMapper' mapperInterface. Bean already defined with the same name!
2020-11-15 16:34:00.295 [main] WARN  org.mybatis.spring.mapper.ClassPathMapperScanner - Skipping MapperFactoryBean with name 'courseMapper' and 'com.jc.edu.mapper.CourseMapper' mapperInterface. Bean already defined with the same name!
2020-11-15 16:34:00.295 [main] WARN  org.mybatis.spring.mapper.ClassPathMapperScanner - Skipping MapperFactoryBean with name 'subjectMapper' and 'com.jc.edu.mapper.SubjectMapper' mapperInterface. Bean already defined with the same name!
2020-11-15 16:34:00.295 [main] WARN  org.mybatis.spring.mapper.ClassPathMapperScanner - Skipping MapperFactoryBean with name 'teacherMapper' and 'com.jc.edu.mapper.TeacherMapper' mapperInterface. Bean already defined with the same name!
2020-11-15 16:34:00.295 [main] WARN  org.mybatis.spring.mapper.ClassPathMapperScanner - Skipping MapperFactoryBean with name 'videoMapper' and 'com.jc.edu.mapper.VideoMapper' mapperInterface. Bean already defined with the same name!
2020-11-15 16:34:00.296 [main] WARN  org.mybatis.spring.mapper.ClassPathMapperScanner - No MyBatis mapper was found in '[com.jc.edu.mapper]' package. Please check your configuration.
2020-11-15 16:34:02.423 [main] WARN  com.netflix.config.sources.URLConfigurationSource - No URLs will be polled as dynamic configuration sources.
2020-11-15 16:34:02.427 [main] WARN  com.netflix.config.sources.URLConfigurationSource - No URLs will be polled as dynamic configuration sources.
2020-11-15 16:37:39.635 [main] WARN  org.mybatis.spring.mapper.ClassPathMapperScanner - Skipping MapperFactoryBean with name 'chapterMapper' and 'com.jc.edu.mapper.ChapterMapper' mapperInterface. Bean already defined with the same name!
2020-11-15 16:37:39.635 [main] WARN  org.mybatis.spring.mapper.ClassPathMapperScanner - Skipping MapperFactoryBean with name 'courseDescriptionMapper' and 'com.jc.edu.mapper.CourseDescriptionMapper' mapperInterface. Bean already defined with the same name!
2020-11-15 16:37:39.635 [main] WARN  org.mybatis.spring.mapper.ClassPathMapperScanner - Skipping MapperFactoryBean with name 'courseMapper' and 'com.jc.edu.mapper.CourseMapper' mapperInterface. Bean already defined with the same name!
2020-11-15 16:37:39.635 [main] WARN  org.mybatis.spring.mapper.ClassPathMapperScanner - Skipping MapperFactoryBean with name 'subjectMapper' and 'com.jc.edu.mapper.SubjectMapper' mapperInterface. Bean already defined with the same name!
2020-11-15 16:37:39.636 [main] WARN  org.mybatis.spring.mapper.ClassPathMapperScanner - Skipping MapperFactoryBean with name 'teacherMapper' and 'com.jc.edu.mapper.TeacherMapper' mapperInterface. Bean already defined with the same name!
2020-11-15 16:37:39.636 [main] WARN  org.mybatis.spring.mapper.ClassPathMapperScanner - Skipping MapperFactoryBean with name 'videoMapper' and 'com.jc.edu.mapper.VideoMapper' mapperInterface. Bean already defined with the same name!
2020-11-15 16:37:39.636 [main] WARN  org.mybatis.spring.mapper.ClassPathMapperScanner - No MyBatis mapper was found in '[com.jc.edu.mapper]' package. Please check your configuration.
2020-11-15 16:37:41.839 [main] WARN  com.netflix.config.sources.URLConfigurationSource - No URLs will be polled as dynamic configuration sources.
2020-11-15 16:37:41.843 [main] WARN  com.netflix.config.sources.URLConfigurationSource - No URLs will be polled as dynamic configuration sources.
2020-11-15 17:02:47.401 [main] WARN  org.mybatis.spring.mapper.ClassPathMapperScanner - Skipping MapperFactoryBean with name 'chapterMapper' and 'com.jc.edu.mapper.ChapterMapper' mapperInterface. Bean already defined with the same name!
2020-11-15 17:02:47.402 [main] WARN  org.mybatis.spring.mapper.ClassPathMapperScanner - Skipping MapperFactoryBean with name 'courseDescriptionMapper' and 'com.jc.edu.mapper.CourseDescriptionMapper' mapperInterface. Bean already defined with the same name!
2020-11-15 17:02:47.402 [main] WARN  org.mybatis.spring.mapper.ClassPathMapperScanner - Skipping MapperFactoryBean with name 'courseMapper' and 'com.jc.edu.mapper.CourseMapper' mapperInterface. Bean already defined with the same name!
2020-11-15 17:02:47.402 [main] WARN  org.mybatis.spring.mapper.ClassPathMapperScanner - Skipping MapperFactoryBean with name 'subjectMapper' and 'com.jc.edu.mapper.SubjectMapper' mapperInterface. Bean already defined with the same name!
2020-11-15 17:02:47.402 [main] WARN  org.mybatis.spring.mapper.ClassPathMapperScanner - Skipping MapperFactoryBean with name 'teacherMapper' and 'com.jc.edu.mapper.TeacherMapper' mapperInterface. Bean already defined with the same name!
2020-11-15 17:02:47.402 [main] WARN  org.mybatis.spring.mapper.ClassPathMapperScanner - Skipping MapperFactoryBean with name 'videoMapper' and 'com.jc.edu.mapper.VideoMapper' mapperInterface. Bean already defined with the same name!
2020-11-15 17:02:47.402 [main] WARN  org.mybatis.spring.mapper.ClassPathMapperScanner - No MyBatis mapper was found in '[com.jc.edu.mapper]' package. Please check your configuration.
2020-11-15 17:02:49.409 [main] WARN  com.netflix.config.sources.URLConfigurationSource - No URLs will be polled as dynamic configuration sources.
2020-11-15 17:02:49.413 [main] WARN  com.netflix.config.sources.URLConfigurationSource - No URLs will be polled as dynamic configuration sources.
2020-11-15 17:08:22.013 [main] WARN  org.mybatis.spring.mapper.ClassPathMapperScanner - Skipping MapperFactoryBean with name 'chapterMapper' and 'com.jc.edu.mapper.ChapterMapper' mapperInterface. Bean already defined with the same name!
2020-11-15 17:08:22.013 [main] WARN  org.mybatis.spring.mapper.ClassPathMapperScanner - Skipping MapperFactoryBean with name 'courseDescriptionMapper' and 'com.jc.edu.mapper.CourseDescriptionMapper' mapperInterface. Bean already defined with the same name!
2020-11-15 17:08:22.013 [main] WARN  org.mybatis.spring.mapper.ClassPathMapperScanner - Skipping MapperFactoryBean with name 'courseMapper' and 'com.jc.edu.mapper.CourseMapper' mapperInterface. Bean already defined with the same name!
2020-11-15 17:08:22.013 [main] WARN  org.mybatis.spring.mapper.ClassPathMapperScanner - Skipping MapperFactoryBean with name 'subjectMapper' and 'com.jc.edu.mapper.SubjectMapper' mapperInterface. Bean already defined with the same name!
2020-11-15 17:08:22.014 [main] WARN  org.mybatis.spring.mapper.ClassPathMapperScanner - Skipping MapperFactoryBean with name 'teacherMapper' and 'com.jc.edu.mapper.TeacherMapper' mapperInterface. Bean already defined with the same name!
2020-11-15 17:08:22.014 [main] WARN  org.mybatis.spring.mapper.ClassPathMapperScanner - Skipping MapperFactoryBean with name 'videoMapper' and 'com.jc.edu.mapper.VideoMapper' mapperInterface. Bean already defined with the same name!
2020-11-15 17:08:22.014 [main] WARN  org.mybatis.spring.mapper.ClassPathMapperScanner - No MyBatis mapper was found in '[com.jc.edu.mapper]' package. Please check your configuration.
2020-11-15 17:08:24.350 [main] WARN  com.netflix.config.sources.URLConfigurationSource - No URLs will be polled as dynamic configuration sources.
2020-11-15 17:08:24.354 [main] WARN  com.netflix.config.sources.URLConfigurationSource - No URLs will be polled as dynamic configuration sources.
2020-11-15 17:09:15.579 [main] WARN  org.mybatis.spring.mapper.ClassPathMapperScanner - Skipping MapperFactoryBean with name 'chapterMapper' and 'com.jc.edu.mapper.ChapterMapper' mapperInterface. Bean already defined with the same name!
2020-11-15 17:09:15.579 [main] WARN  org.mybatis.spring.mapper.ClassPathMapperScanner - Skipping MapperFactoryBean with name 'courseDescriptionMapper' and 'com.jc.edu.mapper.CourseDescriptionMapper' mapperInterface. Bean already defined with the same name!
2020-11-15 17:09:15.579 [main] WARN  org.mybatis.spring.mapper.ClassPathMapperScanner - Skipping MapperFactoryBean with name 'courseMapper' and 'com.jc.edu.mapper.CourseMapper' mapperInterface. Bean already defined with the same name!
2020-11-15 17:09:15.579 [main] WARN  org.mybatis.spring.mapper.ClassPathMapperScanner - Skipping MapperFactoryBean with name 'subjectMapper' and 'com.jc.edu.mapper.SubjectMapper' mapperInterface. Bean already defined with the same name!
2020-11-15 17:09:15.580 [main] WARN  org.mybatis.spring.mapper.ClassPathMapperScanner - Skipping MapperFactoryBean with name 'teacherMapper' and 'com.jc.edu.mapper.TeacherMapper' mapperInterface. Bean already defined with the same name!
2020-11-15 17:09:15.580 [main] WARN  org.mybatis.spring.mapper.ClassPathMapperScanner - Skipping MapperFactoryBean with name 'videoMapper' and 'com.jc.edu.mapper.VideoMapper' mapperInterface. Bean already defined with the same name!
2020-11-15 17:09:15.580 [main] WARN  org.mybatis.spring.mapper.ClassPathMapperScanner - No MyBatis mapper was found in '[com.jc.edu.mapper]' package. Please check your configuration.
2020-11-15 17:09:17.460 [main] WARN  com.netflix.config.sources.URLConfigurationSource - No URLs will be polled as dynamic configuration sources.
2020-11-15 17:09:17.463 [main] WARN  com.netflix.config.sources.URLConfigurationSource - No URLs will be polled as dynamic configuration sources.
2020-11-15 17:09:32.625 [main] WARN  org.mybatis.spring.mapper.ClassPathMapperScanner - Skipping MapperFactoryBean with name 'chapterMapper' and 'com.jc.edu.mapper.ChapterMapper' mapperInterface. Bean already defined with the same name!
2020-11-15 17:09:32.626 [main] WARN  org.mybatis.spring.mapper.ClassPathMapperScanner - Skipping MapperFactoryBean with name 'courseDescriptionMapper' and 'com.jc.edu.mapper.CourseDescriptionMapper' mapperInterface. Bean already defined with the same name!
2020-11-15 17:09:32.626 [main] WARN  org.mybatis.spring.mapper.ClassPathMapperScanner - Skipping MapperFactoryBean with name 'courseMapper' and 'com.jc.edu.mapper.CourseMapper' mapperInterface. Bean already defined with the same name!
2020-11-15 17:09:32.626 [main] WARN  org.mybatis.spring.mapper.ClassPathMapperScanner - Skipping MapperFactoryBean with name 'subjectMapper' and 'com.jc.edu.mapper.SubjectMapper' mapperInterface. Bean already defined with the same name!
2020-11-15 17:09:32.626 [main] WARN  org.mybatis.spring.mapper.ClassPathMapperScanner - Skipping MapperFactoryBean with name 'teacherMapper' and 'com.jc.edu.mapper.TeacherMapper' mapperInterface. Bean already defined with the same name!
2020-11-15 17:09:32.626 [main] WARN  org.mybatis.spring.mapper.ClassPathMapperScanner - Skipping MapperFactoryBean with name 'videoMapper' and 'com.jc.edu.mapper.VideoMapper' mapperInterface. Bean already defined with the same name!
2020-11-15 17:09:32.626 [main] WARN  org.mybatis.spring.mapper.ClassPathMapperScanner - No MyBatis mapper was found in '[com.jc.edu.mapper]' package. Please check your configuration.
2020-11-15 17:09:34.856 [main] WARN  com.netflix.config.sources.URLConfigurationSource - No URLs will be polled as dynamic configuration sources.
2020-11-15 17:09:34.861 [main] WARN  com.netflix.config.sources.URLConfigurationSource - No URLs will be polled as dynamic configuration sources.
2020-11-15 17:18:49.496 [main] WARN  org.mybatis.spring.mapper.ClassPathMapperScanner - Skipping MapperFactoryBean with name 'chapterMapper' and 'com.jc.edu.mapper.ChapterMapper' mapperInterface. Bean already defined with the same name!
2020-11-15 17:18:49.497 [main] WARN  org.mybatis.spring.mapper.ClassPathMapperScanner - Skipping MapperFactoryBean with name 'courseDescriptionMapper' and 'com.jc.edu.mapper.CourseDescriptionMapper' mapperInterface. Bean already defined with the same name!
2020-11-15 17:18:49.497 [main] WARN  org.mybatis.spring.mapper.ClassPathMapperScanner - Skipping MapperFactoryBean with name 'courseMapper' and 'com.jc.edu.mapper.CourseMapper' mapperInterface. Bean already defined with the same name!
2020-11-15 17:18:49.497 [main] WARN  org.mybatis.spring.mapper.ClassPathMapperScanner - Skipping MapperFactoryBean with name 'subjectMapper' and 'com.jc.edu.mapper.SubjectMapper' mapperInterface. Bean already defined with the same name!
2020-11-15 17:18:49.497 [main] WARN  org.mybatis.spring.mapper.ClassPathMapperScanner - Skipping MapperFactoryBean with name 'teacherMapper' and 'com.jc.edu.mapper.TeacherMapper' mapperInterface. Bean already defined with the same name!
2020-11-15 17:18:49.497 [main] WARN  org.mybatis.spring.mapper.ClassPathMapperScanner - Skipping MapperFactoryBean with name 'videoMapper' and 'com.jc.edu.mapper.VideoMapper' mapperInterface. Bean already defined with the same name!
2020-11-15 17:18:49.497 [main] WARN  org.mybatis.spring.mapper.ClassPathMapperScanner - No MyBatis mapper was found in '[com.jc.edu.mapper]' package. Please check your configuration.
2020-11-15 17:18:51.364 [main] WARN  com.netflix.config.sources.URLConfigurationSource - No URLs will be polled as dynamic configuration sources.
2020-11-15 17:18:51.368 [main] WARN  com.netflix.config.sources.URLConfigurationSource - No URLs will be polled as dynamic configuration sources.
2020-11-15 17:19:28.458 [main] WARN  org.mybatis.spring.mapper.ClassPathMapperScanner - Skipping MapperFactoryBean with name 'chapterMapper' and 'com.jc.edu.mapper.ChapterMapper' mapperInterface. Bean already defined with the same name!
2020-11-15 17:19:28.458 [main] WARN  org.mybatis.spring.mapper.ClassPathMapperScanner - Skipping MapperFactoryBean with name 'courseDescriptionMapper' and 'com.jc.edu.mapper.CourseDescriptionMapper' mapperInterface. Bean already defined with the same name!
2020-11-15 17:19:28.459 [main] WARN  org.mybatis.spring.mapper.ClassPathMapperScanner - Skipping MapperFactoryBean with name 'courseMapper' and 'com.jc.edu.mapper.CourseMapper' mapperInterface. Bean already defined with the same name!
2020-11-15 17:19:28.459 [main] WARN  org.mybatis.spring.mapper.ClassPathMapperScanner - Skipping MapperFactoryBean with name 'subjectMapper' and 'com.jc.edu.mapper.SubjectMapper' mapperInterface. Bean already defined with the same name!
2020-11-15 17:19:28.459 [main] WARN  org.mybatis.spring.mapper.ClassPathMapperScanner - Skipping MapperFactoryBean with name 'teacherMapper' and 'com.jc.edu.mapper.TeacherMapper' mapperInterface. Bean already defined with the same name!
2020-11-15 17:19:28.459 [main] WARN  org.mybatis.spring.mapper.ClassPathMapperScanner - Skipping MapperFactoryBean with name 'videoMapper' and 'com.jc.edu.mapper.VideoMapper' mapperInterface. Bean already defined with the same name!
2020-11-15 17:19:28.459 [main] WARN  org.mybatis.spring.mapper.ClassPathMapperScanner - No MyBatis mapper was found in '[com.jc.edu.mapper]' package. Please check your configuration.
2020-11-15 17:19:30.555 [main] WARN  com.netflix.config.sources.URLConfigurationSource - No URLs will be polled as dynamic configuration sources.
2020-11-15 17:19:30.559 [main] WARN  com.netflix.config.sources.URLConfigurationSource - No URLs will be polled as dynamic configuration sources.
2020-11-15 17:22:34.270 [main] WARN  org.mybatis.spring.mapper.ClassPathMapperScanner - Skipping MapperFactoryBean with name 'chapterMapper' and 'com.jc.edu.mapper.ChapterMapper' mapperInterface. Bean already defined with the same name!
2020-11-15 17:22:34.270 [main] WARN  org.mybatis.spring.mapper.ClassPathMapperScanner - Skipping MapperFactoryBean with name 'courseDescriptionMapper' and 'com.jc.edu.mapper.CourseDescriptionMapper' mapperInterface. Bean already defined with the same name!
2020-11-15 17:22:34.270 [main] WARN  org.mybatis.spring.mapper.ClassPathMapperScanner - Skipping MapperFactoryBean with name 'courseMapper' and 'com.jc.edu.mapper.CourseMapper' mapperInterface. Bean already defined with the same name!
2020-11-15 17:22:34.270 [main] WARN  org.mybatis.spring.mapper.ClassPathMapperScanner - Skipping MapperFactoryBean with name 'subjectMapper' and 'com.jc.edu.mapper.SubjectMapper' mapperInterface. Bean already defined with the same name!
2020-11-15 17:22:34.271 [main] WARN  org.mybatis.spring.mapper.ClassPathMapperScanner - Skipping MapperFactoryBean with name 'teacherMapper' and 'com.jc.edu.mapper.TeacherMapper' mapperInterface. Bean already defined with the same name!
2020-11-15 17:22:34.271 [main] WARN  org.mybatis.spring.mapper.ClassPathMapperScanner - Skipping MapperFactoryBean with name 'videoMapper' and 'com.jc.edu.mapper.VideoMapper' mapperInterface. Bean already defined with the same name!
2020-11-15 17:22:34.271 [main] WARN  org.mybatis.spring.mapper.ClassPathMapperScanner - No MyBatis mapper was found in '[com.jc.edu.mapper]' package. Please check your configuration.
2020-11-15 17:22:36.205 [main] WARN  com.netflix.config.sources.URLConfigurationSource - No URLs will be polled as dynamic configuration sources.
2020-11-15 17:22:36.209 [main] WARN  com.netflix.config.sources.URLConfigurationSource - No URLs will be polled as dynamic configuration sources.
2020-11-15 17:24:49.052 [main] WARN  org.mybatis.spring.mapper.ClassPathMapperScanner - Skipping MapperFactoryBean with name 'chapterMapper' and 'com.jc.edu.mapper.ChapterMapper' mapperInterface. Bean already defined with the same name!
2020-11-15 17:24:49.052 [main] WARN  org.mybatis.spring.mapper.ClassPathMapperScanner - Skipping MapperFactoryBean with name 'courseDescriptionMapper' and 'com.jc.edu.mapper.CourseDescriptionMapper' mapperInterface. Bean already defined with the same name!
2020-11-15 17:24:49.052 [main] WARN  org.mybatis.spring.mapper.ClassPathMapperScanner - Skipping MapperFactoryBean with name 'courseMapper' and 'com.jc.edu.mapper.CourseMapper' mapperInterface. Bean already defined with the same name!
2020-11-15 17:24:49.052 [main] WARN  org.mybatis.spring.mapper.ClassPathMapperScanner - Skipping MapperFactoryBean with name 'subjectMapper' and 'com.jc.edu.mapper.SubjectMapper' mapperInterface. Bean already defined with the same name!
2020-11-15 17:24:49.052 [main] WARN  org.mybatis.spring.mapper.ClassPathMapperScanner - Skipping MapperFactoryBean with name 'teacherMapper' and 'com.jc.edu.mapper.TeacherMapper' mapperInterface. Bean already defined with the same name!
2020-11-15 17:24:49.053 [main] WARN  org.mybatis.spring.mapper.ClassPathMapperScanner - Skipping MapperFactoryBean with name 'videoMapper' and 'com.jc.edu.mapper.VideoMapper' mapperInterface. Bean already defined with the same name!
2020-11-15 17:24:49.053 [main] WARN  org.mybatis.spring.mapper.ClassPathMapperScanner - No MyBatis mapper was found in '[com.jc.edu.mapper]' package. Please check your configuration.
2020-11-15 17:24:50.968 [main] WARN  com.netflix.config.sources.URLConfigurationSource - No URLs will be polled as dynamic configuration sources.
2020-11-15 17:24:50.971 [main] WARN  com.netflix.config.sources.URLConfigurationSource - No URLs will be polled as dynamic configuration sources.
2020-11-15 17:26:13.806 [main] WARN  org.mybatis.spring.mapper.ClassPathMapperScanner - Skipping MapperFactoryBean with name 'chapterMapper' and 'com.jc.edu.mapper.ChapterMapper' mapperInterface. Bean already defined with the same name!
2020-11-15 17:26:13.806 [main] WARN  org.mybatis.spring.mapper.ClassPathMapperScanner - Skipping MapperFactoryBean with name 'courseDescriptionMapper' and 'com.jc.edu.mapper.CourseDescriptionMapper' mapperInterface. Bean already defined with the same name!
2020-11-15 17:26:13.807 [main] WARN  org.mybatis.spring.mapper.ClassPathMapperScanner - Skipping MapperFactoryBean with name 'courseMapper' and 'com.jc.edu.mapper.CourseMapper' mapperInterface. Bean already defined with the same name!
2020-11-15 17:26:13.807 [main] WARN  org.mybatis.spring.mapper.ClassPathMapperScanner - Skipping MapperFactoryBean with name 'subjectMapper' and 'com.jc.edu.mapper.SubjectMapper' mapperInterface. Bean already defined with the same name!
2020-11-15 17:26:13.807 [main] WARN  org.mybatis.spring.mapper.ClassPathMapperScanner - Skipping MapperFactoryBean with name 'teacherMapper' and 'com.jc.edu.mapper.TeacherMapper' mapperInterface. Bean already defined with the same name!
2020-11-15 17:26:13.807 [main] WARN  org.mybatis.spring.mapper.ClassPathMapperScanner - Skipping MapperFactoryBean with name 'videoMapper' and 'com.jc.edu.mapper.VideoMapper' mapperInterface. Bean already defined with the same name!
2020-11-15 17:26:13.807 [main] WARN  org.mybatis.spring.mapper.ClassPathMapperScanner - No MyBatis mapper was found in '[com.jc.edu.mapper]' package. Please check your configuration.
2020-11-15 17:26:15.786 [main] WARN  com.netflix.config.sources.URLConfigurationSource - No URLs will be polled as dynamic configuration sources.
2020-11-15 17:26:15.789 [main] WARN  com.netflix.config.sources.URLConfigurationSource - No URLs will be polled as dynamic configuration sources.
